[19:44:43.715][I][processCanMessage():371]: KESSEL (0x180):     HILFSKESSELSOLL:        26.8    (et_dec_val)
[19:44:43.964][I][readSignal():409]: READ "SPEICHERSOLLTEMP" (0x0003) FROM KESSEL (0x180 {0x31, 0x00}): 31, 00, 03, 00, 00, 00, 00
[19:44:43.991][I][processCanMessage():371]: KESSEL (0x180):     SPEICHERSOLLTEMP:       48.0    (et_dec_val)
[19:44:44.972][I][readSignal():409]: READ "EINSTELL_SPEICHERSOLLTEMP" (0x0013) FROM MANAGER (0x480 {0x91, 0x00}): 91, 00, 13, 00, 00, 00, 00
[19:44:45.002][I][processCanMessage():371]: MANAGER (0x480):    EINSTELL_SPEICHERSOLLTEMP:      48.0    (et_dec_val)
[19:44:45.971][I][readSignal():409]: READ "RAUMSOLLTEMP_I" (0x0005) FROM MANAGER (0x480 {0x91, 0x00}): 91, 00, 05, 00, 00, 00, 00
[19:44:46.018][I][processCanMessage():371]: MANAGER (0x480):    RAUMSOLLTEMP_I: 20.0    (et_dec_val)
^C[19:44:46.166][D][api.connection:264]: ESPHome Logs 2025.12.0 (192.168.0.152) disconnected
INFO Processing expected disconnect from ESPHome API for heatingpump @ 192.168.30.124
WARNING Disconnected from API
bullitt@Macbook-Air-M3 ha-stiebel-control %  esphome run ./esphome/heatingpump.yaml
INFO ESPHome 2025.12.0
INFO Reading configuration esphome/heatingpump.yaml...
WARNING GPIO5 is a strapping PIN and should only be used for I/O with care.
Attaching external pullup/down resistors to strapping pins can cause unexpected failures.
See https://esphome.io/guides/faq/#why-am-i-getting-a-warning-about-strapping-pins
INFO Generating C++ source...
INFO Setting CONFIG_LWIP_MAX_SOCKETS to 13 (registered: api=4, captive_portal=4, mdns=2, mqtt=1, ota=1, socket.wake_loop_threadsafe=1)
INFO Compiling app... Build path: /Users/bullitt/Documents/Repositories/ha-stiebel-control/esphome/.esphome/build/heatingpump
Processing heatingpump (board: esp32dev; framework: arduino, espidf; platform: https://github.com/pioarduino/platform-espressif32/releases/download/55.03.31-2/platform-espressif32.zip)
---------------------------------------------------------------------------------------------------------------------------------------------------------------
HARDWARE: ESP32 240MHz, 320KB RAM, 4MB Flash
 - contrib-piohome @ 3.4.4 
 - framework-arduinoespressif32 @ 3.3.2 
 - framework-arduinoespressif32-libs @ 5.5.0+sha.129cd0d247 
 - framework-espidf @ 3.50501.0 (5.5.1) 
 - tool-cmake @ 4.0.3 
 - tool-esp-rom-elfs @ 2024.10.11 
 - tool-esptoolpy @ 5.1.0 
 - tool-mklittlefs @ 3.2.0 
 - tool-ninja @ 1.13.1 
 - tool-scons @ 4.40801.0 (4.8.1) 
 - toolchain-xtensa-esp-elf @ 14.2.0+20241119
Reading CMake configuration...
Dependency Graph
|-- Networking @ 3.3.2
|-- ESP32 Async UDP @ 3.3.2
|-- DNSServer @ 3.3.2
|-- WiFi @ 3.3.2
|-- ESPmDNS @ 3.3.2
|-- SPI @ 3.3.2
|-- ArduinoJson @ 7.4.2
Compiling .pioenvs/heatingpump/src/main.cpp.o
In file included from src/main.cpp:138:
src/ha-stiebel-control.h:529:45: error: 'CalculatedSensorConfig' does not name a type
  529 | void publishCalculatedSensorDiscovery(const CalculatedSensorConfig& config, bool forceRepublish = false) {
      |                                             ^~~~~~~~~~~~~~~~~~~~~~
src/ha-stiebel-control.h: In function 'void publishCalculatedSensorDiscovery(const int&, bool)':
src/ha-stiebel-control.h:531:68: error: request for member 'uniqueId' in 'config', which is of non-class type 'const int'
  531 |     if (!forceRepublish && discoveredCalculatedSensors.find(config.uniqueId) != discoveredCalculatedSensors.end()) {
      |                                                                    ^~~~~~~~
src/ha-stiebel-control.h:536:47: error: request for member 'uniqueId' in 'config', which is of non-class type 'const int'
  536 |     discoveredCalculatedSensors.insert(config.uniqueId);
      |                                               ^~~~~~~~
src/ha-stiebel-control.h:541:63: error: request for member 'component' in 'config', which is of non-class type 'const int'
  541 |              "homeassistant/%s/heatingpump/%s/config", config.component, config.uniqueId);
      |                                                               ^~~~~~~~~
src/ha-stiebel-control.h:541:81: error: request for member 'uniqueId' in 'config', which is of non-class type 'const int'
  541 |              "homeassistant/%s/heatingpump/%s/config", config.component, config.uniqueId);
      |                                                                                 ^~~~~~~~
src/ha-stiebel-control.h:545:41: error: request for member 'name' in 'config', which is of non-class type 'const int'
  545 |     payload << "{\"name\":\"" << config.name << "\","
      |                                         ^~~~
src/ha-stiebel-control.h:546:45: error: request for member 'uniqueId' in 'config', which is of non-class type 'const int'
  546 |             << "\"unique_id\":\"" << config.uniqueId << "\","
      |                                             ^~~~~~~~
src/ha-stiebel-control.h:547:47: error: request for member 'stateTopic' in 'config', which is of non-class type 'const int'
  547 |             << "\"state_topic\":\"" << config.stateTopic << "\"";
      |                                               ^~~~~~~~~~
src/ha-stiebel-control.h:550:16: error: request for member 'deviceClass' in 'config', which is of non-class type 'const int'
  550 |     if (config.deviceClass[0] != '\0') {
      |                ^~~~~~~~~~~
src/ha-stiebel-control.h:551:53: error: request for member 'deviceClass' in 'config', which is of non-class type 'const int'
  551 |         payload << ",\"device_class\":\"" << config.deviceClass << "\"";
      |                                                     ^~~~~~~~~~~
src/ha-stiebel-control.h:555:16: error: request for member 'unit' in 'config', which is of non-class type 'const int'
  555 |     if (config.unit[0] != '\0') {
      |                ^~~~
src/ha-stiebel-control.h:556:60: error: request for member 'unit' in 'config', which is of non-class type 'const int'
  556 |         payload << ",\"unit_of_measurement\":\"" << config.unit << "\"";
      |                                                            ^~~~
src/ha-stiebel-control.h:560:16: error: request for member 'stateClass' in 'config', which is of non-class type 'const int'
  560 |     if (config.stateClass[0] != '\0') {
      |                ^~~~~~~~~~
src/ha-stiebel-control.h:561:52: error: request for member 'stateClass' in 'config', which is of non-class type 'const int'
  561 |         payload << ",\"state_class\":\"" << config.stateClass << "\"";
      |                                                    ^~~~~~~~~~
src/ha-stiebel-control.h:565:16: error: request for member 'icon' in 'config', which is of non-class type 'const int'
  565 |     if (config.icon[0] != '\0') {
      |                ^~~~
src/ha-stiebel-control.h:566:45: error: request for member 'icon' in 'config', which is of non-class type 'const int'
  566 |         payload << ",\"icon\":\"" << config.icon << "\"";
      |                                             ^~~~
src/ha-stiebel-control.h:570:16: error: request for member 'payloadOn' in 'config', which is of non-class type 'const int'
  570 |     if (config.payloadOn[0] != '\0' && config.payloadOff[0] != '\0') {
      |                ^~~~~~~~~
src/ha-stiebel-control.h:570:47: error: request for member 'payloadOff' in 'config', which is of non-class type 'const int'
  570 |     if (config.payloadOn[0] != '\0' && config.payloadOff[0] != '\0') {
      |                                               ^~~~~~~~~~
src/ha-stiebel-control.h:571:51: error: request for member 'payloadOn' in 'config', which is of non-class type 'const int'
  571 |         payload << ",\"payload_on\":\"" << config.payloadOn << "\","
      |                                                   ^~~~~~~~~
src/ha-stiebel-control.h:572:51: error: request for member 'payloadOff' in 'config', which is of non-class type 'const int'
  572 |                 << "\"payload_off\":\"" << config.payloadOff << "\"";
      |                                                   ^~~~~~~~~~
In file included from src/esphome/core/component.h:9,
                 from src/esphome/core/application.h:7,
                 from src/esphome/components/api/api_frame_helper.h:13,
                 from src/esphome/components/api/api_connection.h:5,
                 from src/esphome.h:3,
                 from src/main.cpp:3:
src/ha-stiebel-control.h:584:78: error: request for member 'name' in 'config', which is of non-class type 'const int'
  584 |     ESP_LOGI("MQTT", "Discovery published for calculated sensor: %s", config.name);
      |                                                                              ^~~~
src/esphome/core/log.h:112:99: note: in definition of macro 'esph_log_i'
  112 |   ::esphome::esp_log_printf_(ESPHOME_LOG_LEVEL_INFO, tag, __LINE__, ESPHOME_LOG_FORMAT(format), ##__VA_ARGS__)
      |                                                                                                   ^~~~~~~~~~~
src/ha-stiebel-control.h:584:5: note: in expansion of macro 'ESP_LOGI'
  584 |     ESP_LOGI("MQTT", "Discovery published for calculated sensor: %s", config.name);
      |     ^~~~~~~~
src/ha-stiebel-control.h: In function 'void publishAllCalculatedSensorDiscoveries(bool)':
src/ha-stiebel-control.h:594:28: error: 'CALCULATED_SENSOR_COUNT' was not declared in this scope
  594 |     for (size_t i = 0; i < CALCULATED_SENSOR_COUNT; i++) {
      |                            ^~~~~~~~~~~~~~~~~~~~~~~
src/ha-stiebel-control.h:595:42: error: 'calculatedSensors' was not declared in this scope
  595 |         publishCalculatedSensorDiscovery(calculatedSensors[i], forceRepublish);
      |                                          ^~~~~~~~~~~~~~~~~
src/ha-stiebel-control.h: In function 'void publishDate()':
src/ha-stiebel-control.h:602:38: error: 'calculatedSensors' was not declared in this scope
  602 |     publishCalculatedSensorDiscovery(calculatedSensors[0]);
      |                                      ^~~~~~~~~~~~~~~~~
src/ha-stiebel-control.h: In function 'void publishDeltaTContinuous()':
src/ha-stiebel-control.h:703:38: error: 'calculatedSensors' was not declared in this scope
  703 |     publishCalculatedSensorDiscovery(calculatedSensors[3]);
      |                                      ^~~~~~~~~~~~~~~~~
src/ha-stiebel-control.h: In function 'void publishDeltaTRunning()':
src/ha-stiebel-control.h:727:38: error: 'calculatedSensors' was not declared in this scope
  727 |     publishCalculatedSensorDiscovery(calculatedSensors[4]);
      |                                      ^~~~~~~~~~~~~~~~~
src/ha-stiebel-control.h: In function 'void publishCompressorActive()':
src/ha-stiebel-control.h:758:38: error: 'calculatedSensors' was not declared in this scope
  758 |     publishCalculatedSensorDiscovery(calculatedSensors[5]);
      |                                      ^~~~~~~~~~~~~~~~~
*** [.pioenvs/heatingpump/src/main.cpp.o] Error 1
================================================================= [FAILED] Took 6.51 seconds =================================================================
bullitt@Macbook-Air-M3 ha-stiebel-control %  esphome run ./esphome/heatingpump.yaml
INFO ESPHome 2025.12.0
INFO Reading configuration esphome/heatingpump.yaml...
WARNING GPIO5 is a strapping PIN and should only be used for I/O with care.
Attaching external pullup/down resistors to strapping pins can cause unexpected failures.
See https://esphome.io/guides/faq/#why-am-i-getting-a-warning-about-strapping-pins
INFO Generating C++ source...
INFO Setting CONFIG_LWIP_MAX_SOCKETS to 13 (registered: api=4, captive_portal=4, mdns=2, mqtt=1, ota=1, socket.wake_loop_threadsafe=1)
INFO Compiling app... Build path: /Users/bullitt/Documents/Repositories/ha-stiebel-control/esphome/.esphome/build/heatingpump
Processing heatingpump (board: esp32dev; framework: arduino, espidf; platform: https://github.com/pioarduino/platform-espressif32/releases/download/55.03.31-2/platform-espressif32.zip)
---------------------------------------------------------------------------------------------------------------------------------------------------------------
HARDWARE: ESP32 240MHz, 320KB RAM, 4MB Flash
 - contrib-piohome @ 3.4.4 
 - framework-arduinoespressif32 @ 3.3.2 
 - framework-arduinoespressif32-libs @ 5.5.0+sha.129cd0d247 
 - framework-espidf @ 3.50501.0 (5.5.1) 
 - tool-cmake @ 4.0.3 
 - tool-esp-rom-elfs @ 2024.10.11 
 - tool-esptoolpy @ 5.1.0 
 - tool-mklittlefs @ 3.2.0 
 - tool-ninja @ 1.13.1 
 - tool-scons @ 4.40801.0 (4.8.1) 
 - toolchain-xtensa-esp-elf @ 14.2.0+20241119
Reading CMake configuration...
Dependency Graph
|-- Networking @ 3.3.2
|-- ESP32 Async UDP @ 3.3.2
|-- DNSServer @ 3.3.2
|-- WiFi @ 3.3.2
|-- ESPmDNS @ 3.3.2
|-- SPI @ 3.3.2
|-- ArduinoJson @ 7.4.2
Compiling .pioenvs/heatingpump/src/main.cpp.o
Linking .pioenvs/heatingpump/firmware.elf
                            Memory Type Usage Summary                             
┏━━━━━━━━━━━━━━━━━━━━━┳━━━━━━━━━━━━━━┳━━━━━━━━━━┳━━━━━━━━━━━━━━━━┳━━━━━━━━━━━━━━━┓
┃ Memory Type/Section ┃ Used [bytes] ┃ Used [%] ┃ Remain [bytes] ┃ Total [bytes] ┃
┡━━━━━━━━━━━━━━━━━━━━━╇━━━━━━━━━━━━━━╇━━━━━━━━━━╇━━━━━━━━━━━━━━━━╇━━━━━━━━━━━━━━━┩
│ Flash Code          │      1028340 │          │                │               │
│    .text            │      1028340 │          │                │               │
│ Flash Data          │       308680 │          │                │               │
│    .rodata          │       308424 │          │                │               │
│    .appdesc         │          256 │          │                │               │
│ IRAM                │        83703 │    63.86 │          47369 │        131072 │
│    .text            │        82675 │    63.08 │                │               │
│    .vectors         │         1028 │     0.78 │                │               │
│ DRAM                │        45076 │    24.94 │         135660 │        180736 │
│    .bss             │        28768 │    15.92 │                │               │
│    .data            │        16308 │     9.02 │                │               │
└─────────────────────┴──────────────┴──────────┴────────────────┴───────────────┘
Total image size: 1437031 bytes (.bin may be padded larger)
Note: The reported total sizes may be smaller than those in the technical reference manual due to reserved memory and application configuration. The total flash size available for the application is not included by default, as it cannot be reliably determined due to the presence of other data like the bootloader, partition table, and application partition size.
RAM:   [=         ]  13.8% (used 45076 bytes from 327680 bytes)
Flash: [========  ]  78.3% (used 1436775 bytes from 1835008 bytes)
Building .pioenvs/heatingpump/firmware.bin
Creating ESP32 image...
Successfully created ESP32 image.
merge_factory_bin([".pioenvs/heatingpump/firmware.bin"], [".pioenvs/heatingpump/firmware.elf"])
Info: bootloader.bin not found - skipping
Info: partition-table.bin not found - skipping
Info: ota_data_initial.bin not found - skipping
Info: heatingpump.bin not found - skipping
Using FLASH_EXTRA_IMAGES from PlatformIO environment
Merging binaries into /Users/bullitt/Documents/Repositories/ha-stiebel-control/esphome/.esphome/build/heatingpump/.pioenvs/heatingpump/firmware.factory.bin
Merging binaries with esptool
SHA digest in image updated.
Wrote 0x16ee00 bytes to file '/Users/bullitt/Documents/Repositories/ha-stiebel-control/esphome/.esphome/build/heatingpump/.pioenvs/heatingpump/firmware.factory.bin', ready to flash to offset 0x0.
Successfully created /Users/bullitt/Documents/Repositories/ha-stiebel-control/esphome/.esphome/build/heatingpump/.pioenvs/heatingpump/firmware.factory.bin
esp32_copy_ota_bin([".pioenvs/heatingpump/firmware.bin"], [".pioenvs/heatingpump/firmware.elf"])
Copied firmware to /Users/bullitt/Documents/Repositories/ha-stiebel-control/esphome/.esphome/build/heatingpump/.pioenvs/heatingpump/firmware.ota.bin
================================================================ [SUCCESS] Took 11.52 seconds ================================================================
INFO Successfully compiled program.
Found multiple options for uploading, please choose one:
  [1] Over The Air (heatingpump.local)
  [2] Over The Air (MQTT IP lookup)
(number): 2
INFO Starting looking for IP in topic esphome/discover/heatingpump
INFO Connected to MQTT broker!
INFO Send discover via MQTT broker topic: esphome/ping/heatingpump
INFO Found IP: ['192.168.30.124']
INFO Connecting to 192.168.30.124 port 3232...
INFO Connected to 192.168.30.124
INFO Uploading /Users/bullitt/Documents/Repositories/ha-stiebel-control/esphome/.esphome/build/heatingpump/.pioenvs/heatingpump/firmware.bin (1437184 bytes)
Uploading: [============================================================] 100% Done...

INFO Upload took 7.71 seconds, waiting for result...
INFO OTA successful
INFO Successfully uploaded program.
INFO Starting log output from 192.168.30.124 using esphome API
INFO Successfully resolved heatingpump @ 192.168.30.124 in 0.000s
INFO Successfully connected to heatingpump @ 192.168.30.124 in 4.028s
INFO Successful handshake with heatingpump @ 192.168.30.124 in 0.036s
[19:46:26.510][I][app:194]: ESPHome version 2025.12.0 compiled on Dec 21 2025, 19:45:50
[19:46:26.510][C][logger:261]: Logger:
[19:46:26.510][C][logger:261]:   Max Level: DEBUG
[19:46:26.510][C][logger:261]:   Initial Level: DEBUG
[19:46:26.510][C][logger:267]:   Log Baud Rate: 115200
[19:46:26.510][C][logger:267]:   Hardware UART: UART0
[19:46:26.515][C][logger:274]:   Task Log Buffer Size: 768
[19:46:26.515][C][logger:280]:   Level for 'api': INFO
[19:46:26.515][C][logger:280]:   Level for 'binary_sensor': INFO
[19:46:26.515][C][logger:280]:   Level for 'button': INFO
[19:46:26.515][C][logger:280]:   Level for 'canbus': WARN
[19:46:26.515][C][logger:280]:   Level for 'component': INFO
[19:46:26.519][C][logger:280]:   Level for 'interval': INFO
[19:46:26.560][C][logger:280]:   Level for 'mqtt': INFO
[19:46:26.560][C][logger:280]:   Level for 'ota': INFO
[19:46:26.560][C][logger:280]:   Level for 'sensor': INFO
[19:46:26.575][C][logger:280]:   Level for 'text_sensor': INFO
[19:46:26.575][C][logger:280]:   Level for 'wifi': INFO
[19:46:26.575][C][spi:067]: SPI bus:
[19:46:26.594][C][spi:068]:   CLK Pin: GPIO18
[19:46:26.618][C][template.text_sensor:016]: Template Sensor 'DATUM'
[19:46:26.618][C][template.text_sensor:023]:   Icon: 'mdi:calendar'
[19:46:26.618][C][template.text_sensor:016]: Template Sensor 'ZEIT'
[19:46:26.650][C][template.text_sensor:023]:   Icon: 'mdi:clock'
[19:46:26.667][C][template.text_sensor:016]: Template Sensor 'PROGRAMMSCHALTER'
[19:46:26.667][C][template.text_sensor:016]: Template Sensor 'SOMMERBETRIEB'
[19:46:26.667][C][template.text_sensor:016]: Template Sensor 'WW_ECO'
[19:46:26.681][C][template.sensor:017]: Template Sensor 'WiFi Signal'
[19:46:26.681][C][template.sensor:017]:   State Class: ''
[19:46:26.681][C][template.sensor:017]:   Unit of Measurement: '%'
[19:46:26.681][C][template.sensor:017]:   Accuracy Decimals: 1
[19:46:26.681][C][template.sensor:031]:   Icon: 'mdi:signal'
[19:46:26.689][C][template.sensor:399]:   Update Interval: 60.0s
[19:46:26.699][C][template.sensor:017]: Template Sensor 'EL_AUFNAHMELEISTUNG_HEIZ_SUM'
[19:46:26.699][C][template.sensor:017]:   State Class: 'total_increasing'
[19:46:26.699][C][template.sensor:017]:   Unit of Measurement: 'MWh'
[19:46:26.699][C][template.sensor:017]:   Accuracy Decimals: 3
[19:46:26.699][C][template.sensor:027]:   Device Class: 'energy'
[19:46:26.707][C][template.sensor:399]:   Update Interval: 60.0s
[19:46:26.707][C][template.sensor:017]: Template Sensor 'EL_AUFNAHMELEISTUNG_WW_SUM'
[19:46:26.707][C][template.sensor:017]:   State Class: 'total_increasing'
[19:46:26.707][C][template.sensor:017]:   Unit of Measurement: 'MWh'
[19:46:26.707][C][template.sensor:017]:   Accuracy Decimals: 3
[19:46:26.716][C][template.sensor:027]:   Device Class: 'energy'
[19:46:26.716][C][template.sensor:399]:   Update Interval: 60.0s
[19:46:26.744][D][esp32.preferences:149]: Writing 1 items: 0 cached, 1 written, 0 failed
[19:46:26.744][C][template.sensor:017]: Template Sensor 'WAERMEERTRAG_2WE_HEIZ_SUM'
[19:46:26.744][C][template.sensor:017]:   State Class: 'total_increasing'
[19:46:26.744][C][template.sensor:017]:   Unit of Measurement: 'MWh'
[19:46:26.744][C][template.sensor:017]:   Accuracy Decimals: 3
[19:46:26.744][C][template.sensor:027]:   Device Class: 'energy'
[19:46:26.764][C][template.sensor:399]:   Update Interval: 60.0s
[19:46:26.764][C][template.sensor:017]: Template Sensor 'WAERMEERTRAG_2WE_WW_SUM'
[19:46:26.764][C][template.sensor:017]:   State Class: 'total_increasing'
[19:46:26.764][C][template.sensor:017]:   Unit of Measurement: 'MWh'
[19:46:26.764][C][template.sensor:017]:   Accuracy Decimals: 3
[19:46:26.768][C][template.sensor:027]:   Device Class: 'energy'
[19:46:26.776][C][template.sensor:399]:   Update Interval: 60.0s
[19:46:26.787][C][template.sensor:017]: Template Sensor 'WAERMEERTRAG_HEIZ_SUM'
[19:46:26.787][C][template.sensor:017]:   State Class: 'total_increasing'
[19:46:26.787][C][template.sensor:017]:   Unit of Measurement: 'MWh'
[19:46:26.787][C][template.sensor:017]:   Accuracy Decimals: 3
[19:46:26.793][C][template.sensor:027]:   Device Class: 'energy'
[19:46:26.811][C][template.sensor:399]:   Update Interval: 60.0s
[19:46:26.824][C][template.sensor:017]: Template Sensor 'WAERMEERTRAG_WW_SUM'
[19:46:26.824][C][template.sensor:017]:   State Class: 'total_increasing'
[19:46:26.824][C][template.sensor:017]:   Unit of Measurement: 'MWh'
[19:46:26.824][C][template.sensor:017]:   Accuracy Decimals: 3
[19:46:26.829][C][template.sensor:027]:   Device Class: 'energy'
[19:46:26.845][C][template.sensor:399]:   Update Interval: 60.0s
[19:46:26.846][D][api.connection:1398]: Home Assistant 2025.12.4 (192.168.30.202) connected
[19:46:26.853][C][template.sensor:017]: Template Sensor 'EINSTELL_SPEICHERSOLLTEMP'
[19:46:26.853][C][template.sensor:017]:   State Class: ''
[19:46:26.853][C][template.sensor:017]:   Unit of Measurement: '°C'
[19:46:26.853][C][template.sensor:017]:   Accuracy Decimals: 1
[19:46:26.868][C][template.sensor:399]:   Update Interval: 60.0s
[19:46:26.868][C][template.sensor:017]: Template Sensor 'EINSTELL_SPEICHERSOLLTEMP2'
[19:46:26.868][C][template.sensor:017]:   State Class: ''
[19:46:26.868][C][template.sensor:017]:   Unit of Measurement: '°C'
[19:46:26.868][C][template.sensor:017]:   Accuracy Decimals: 1
[19:46:26.868][C][template.sensor:399]:   Update Interval: 60.0s
[19:46:26.890][C][template.sensor:017]: Template Sensor 'SPEICHERISTTEMP'
[19:46:26.890][C][template.sensor:017]:   State Class: ''
[19:46:26.890][C][template.sensor:017]:   Unit of Measurement: '°C'
[19:46:26.890][C][template.sensor:017]:   Accuracy Decimals: 1
[19:46:26.890][C][template.sensor:399]:   Update Interval: 60.0s
[19:46:26.912][C][template.sensor:017]: Template Sensor 'SPEICHERSOLLTEMP'
[19:46:26.912][C][template.sensor:017]:   State Class: ''
[19:46:26.912][C][template.sensor:017]:   Unit of Measurement: '°C'
[19:46:26.912][C][template.sensor:017]:   Accuracy Decimals: 1
[19:46:26.912][C][template.sensor:399]:   Update Interval: 60.0s
[19:46:26.927][C][template.sensor:017]: Template Sensor 'COP_WW'
[19:46:26.927][C][template.sensor:017]:   State Class: ''
[19:46:26.927][C][template.sensor:017]:   Unit of Measurement: ''
[19:46:26.927][C][template.sensor:017]:   Accuracy Decimals: 2
[19:46:26.927][C][template.sensor:027]:   Device Class: 'power_factor'
[19:46:26.939][C][template.sensor:399]:   Update Interval: 60.0s
[19:46:26.939][C][template.sensor:017]: Template Sensor 'COP_HEIZ'
[19:46:26.939][C][template.sensor:017]:   State Class: ''
[19:46:26.939][C][template.sensor:017]:   Unit of Measurement: ''
[19:46:26.939][C][template.sensor:017]:   Accuracy Decimals: 2
[19:46:26.952][C][template.sensor:027]:   Device Class: 'power_factor'
[19:46:26.952][C][template.sensor:399]:   Update Interval: 60.0s
[19:46:26.972][C][template.sensor:017]: Template Sensor 'COP_GESAMT'
[19:46:26.972][C][template.sensor:017]:   State Class: ''
[19:46:26.972][C][template.sensor:017]:   Unit of Measurement: ''
[19:46:26.972][C][template.sensor:017]:   Accuracy Decimals: 2
[19:46:26.972][C][template.sensor:027]:   Device Class: 'power_factor'
[19:46:26.972][C][template.sensor:399]:   Update Interval: 60.0s
[19:46:27.015][D][homeassistant.text_sensor:016]: 'input_datetime.warmepumpe_datum': Got state '2025-09-27'
[19:46:27.031][D][homeassistant.text_sensor:016]: 'input_datetime.warmepumpe_uhrzeit': Got state '08:10:00'
[19:46:27.042][C][captive_portal:118]: Captive Portal:
[19:46:27.067][C][esphome.ota:092]: Over-The-Air updates:
[19:46:27.067][C][esphome.ota:092]:   Address: heatingpump.local:3232
[19:46:27.067][C][esphome.ota:092]:   Version: 2
[19:46:27.075][C][esphome.ota:099]:   Password configured
[19:46:27.080][C][safe_mode:018]: Safe Mode:
[19:46:27.080][C][safe_mode:018]:   Successful after: 60s
[19:46:27.080][C][safe_mode:018]:   Invoke after: 10 attempts
[19:46:27.080][C][safe_mode:018]:   Duration: 300s
[19:46:27.090][C][web_server.ota:241]: Web Server OTA
[19:46:27.128][C][wifi_signal.sensor:017]: WiFi Signal 'WiFi Signal dBm'
[19:46:27.128][C][wifi_signal.sensor:017]:   State Class: 'measurement'
[19:46:27.128][C][wifi_signal.sensor:017]:   Unit of Measurement: 'dBm'
[19:46:27.128][C][wifi_signal.sensor:017]:   Accuracy Decimals: 0
[19:46:27.128][C][wifi_signal.sensor:027]:   Device Class: 'signal_strength'
[19:46:27.133][C][wifi_signal.sensor:031]:   Icon: 'mdi:wifi'
[19:46:27.146][C][mdns:177]: mDNS:
[19:46:27.146][C][mdns:177]:   Hostname: heatingpump
[19:46:27.209][C][homeassistant.text_sensor:016]: Homeassistant Text Sensor 'Wärmepumpe Datum Setpoint'
[19:46:27.209][C][homeassistant.text_sensor:023]:   Entity ID: 'input_datetime.warmepumpe_datum'
[19:46:27.236][C][homeassistant.text_sensor:016]: Homeassistant Text Sensor 'Wärmepumpe Uhrzeit Setpoint'
[19:46:27.246][C][homeassistant.text_sensor:023]:   Entity ID: 'input_datetime.warmepumpe_uhrzeit'
[19:46:27.336][C][mqtt.button:029]: MQTT Button 'Republish MQTT Discoveries': 
[19:46:27.339][C][mqtt.button:030]:   Command Topic: 'heatingpump/button/republish_mqtt_discoveries/command'
[19:46:27.359][C][mqtt.sensor:028]: MQTT Sensor 'WiFi Signal dBm':
[19:46:27.360][C][mqtt.sensor:032]:   State Topic: 'heatingpump/sensor/wifi_signal_dbm/state'
[19:46:27.360][C][mqtt.sensor:028]: MQTT Sensor 'WiFi Signal':
[19:46:27.363][C][mqtt.sensor:032]:   State Topic: 'heatingpump/sensor/wifi_signal/state'
[19:46:31.712][I][processCanMessage():479]: KESSEL (0x180):     AUSSENTEMP:     0.5     (et_dec_val)
[19:46:31.716][D][PATTERN:986]: Signal 'AUSSENTEMP' (expanded: 'AUSSEN TEMP') matched pattern 'TEMP'
[19:46:31.725][I][processCanMessage():479]: KESSEL (0x180):     HILFSKESSELSOLL:        26.8    (et_dec_val)
[19:46:31.731][D][PATTERN:986]: Signal 'HILFSKESSELSOLL' (expanded: 'HILFSKESSEL SOLL TEMP') matched pattern 'TEMP'
[19:46:36.705][I][processCanMessage():479]: KESSEL (0x180):     AUSSENTEMP:     0.4     (et_dec_val)
[19:46:36.706][I][processCanMessage():479]: KESSEL (0x180):     HILFSKESSELSOLL:        26.8    (et_dec_val)
[19:46:37.706][I][processCanMessage():479]: MANAGER (0x480):    WPVORLAUFIST:   0.0     (et_dec_val)
[19:46:37.706][D][PATTERN:986]: Signal 'WPVORLAUFIST' (expanded: 'WP VORLAUF IST TEMP') matched pattern 'TEMP'
[19:46:37.712][I][processCanMessage():479]: MANAGER (0x480):    RUECKLAUFISTTEMP:       0.0     (et_dec_val)
[19:46:37.712][D][PATTERN:986]: Signal 'RUECKLAUFISTTEMP' (expanded: 'RUECKLAUF IST TEMP') matched pattern 'TEMP'
[19:46:37.726][I][processCanMessage():479]: HEIZMODUL (0x500):  WPVORLAUFIST:   31.9    (et_dec_val)
[19:46:37.737][I][processCanMessage():479]: MANAGER (0x480):    VERDICHTER:     0.0     (et_dec_val)
[19:46:37.742][D][PATTERN:986]: Signal 'VERDICHTER' (expanded: 'VERDICHTER') matched pattern 'VERDICHTER'
[19:46:37.774][I][processCanMessage():479]: HEIZMODUL (0x500):  RUECKLAUFISTTEMP:       29.1    (et_dec_val)
[19:46:37.804][I][processCanMessage():479]: HEIZMODUL (0x500):  VERDICHTER:     54.5    (et_dec_val)
[19:46:41.712][I][processCanMessage():479]: KESSEL (0x180):     AUSSENTEMP:     0.3     (et_dec_val)
[19:46:41.738][I][processCanMessage():479]: KESSEL (0x180):     HILFSKESSELSOLL:        26.8    (et_dec_val)
[19:46:46.704][I][processCanMessage():479]: KESSEL (0x180):     AUSSENTEMP:     0.3     (et_dec_val)
[19:46:46.719][I][processCanMessage():479]: KESSEL (0x180):     HILFSKESSELSOLL:        26.9    (et_dec_val)
[19:46:47.695][I][processCanMessage():479]: MANAGER (0x480):    WPVORLAUFIST:   0.0     (et_dec_val)
[19:46:47.713][I][processCanMessage():479]: HEIZMODUL (0x500):  WPVORLAUFIST:   31.9    (et_dec_val)
[19:46:47.717][I][processCanMessage():479]: MANAGER (0x480):    RUECKLAUFISTTEMP:       0.0     (et_dec_val)
[19:46:47.754][I][processCanMessage():479]: MANAGER (0x480):    VERDICHTER:     0.0     (et_dec_val)
[19:46:47.759][I][processCanMessage():479]: HEIZMODUL (0x500):  RUECKLAUFISTTEMP:       29.2    (et_dec_val)
[19:46:47.822][I][processCanMessage():479]: HEIZMODUL (0x500):  VERDICHTER:     54.5    (et_dec_val)
[19:46:51.720][I][processCanMessage():479]: KESSEL (0x180):     AUSSENTEMP:     0.4     (et_dec_val)
[19:46:51.735][I][processCanMessage():479]: KESSEL (0x180):     HILFSKESSELSOLL:        26.9    (et_dec_val)
[19:46:52.585][I][REQUEST_MGR:1696]: Signal request manager active - processing 45 signal definitions
[19:46:52.608][I][REQUEST_MGR:1700]: Initializing signal schedules with random offsets to prevent burst
[19:46:52.758][I][REQUEST_MGR:1730]: Initialized 45 signal schedules
[19:46:52.914][W][component:490]: interval took a long time for an operation (328 ms)
[19:46:52.923][W][component:493]: Components should block for at most 30 ms
[19:46:52.932][W][component:490]: mqtt took a long time for an operation (335 ms)
[19:46:52.937][W][component:493]: Components should block for at most 30 ms
[19:46:52.947][I][CALC_SCHED:1624]: Initializing calculated sensor schedules with random offsets
[19:46:52.957][I][CALC_SCHED:1643]: Calculated sensor scheduler initialized
[19:46:53.625][I][readSignal():517]: READ "SOMMERBETRIEB" (0xfdb4) FROM MANAGER (0x480 {0x91, 0x00}): 91, 00, fa, fd, b4, 00, 00
[19:46:53.655][I][processCanMessage():479]: MANAGER (0x480):    SOMMERBETRIEB:  on      (et_little_bool)
[19:46:54.599][I][readSignal():517]: READ "TAG" (0x0122) FROM MANAGER (0x480 {0x91, 0x00}): 91, 00, fa, 01, 22, 00, 00
[19:46:54.622][I][processCanMessage():479]: MANAGER (0x480):    TAG:    21      (et_little_endian)
[19:46:54.631][D][PATTERN:986]: Signal 'TAG' (expanded: 'TAG') matched pattern 'TAG'
[19:46:54.636][W][CALC:651]: Cannot publish date: sensors not initialized (Jahr=-1, Monat=-1, Tag=21)
[19:46:55.595][I][readSignal():517]: READ "MONAT" (0x0123) FROM MANAGER (0x480 {0x91, 0x00}): 91, 00, fa, 01, 23, 00, 00
[19:46:55.622][I][processCanMessage():479]: MANAGER (0x480):    MONAT:  12      (et_little_endian)
[19:46:55.631][D][PATTERN:986]: Signal 'MONAT' (expanded: 'MONAT') matched pattern 'MONAT'
[19:46:56.608][I][readSignal():517]: READ "EVU_SPERRE_AKTIV" (0x0074) FROM MANAGER (0x480 {0x91, 0x00}): 91, 00, 74, 00, 00, 00, 00
[19:46:56.635][I][processCanMessage():479]: MANAGER (0x480):    EVU_SPERRE_AKTIV:       ?       (et_little_bool)
[19:46:56.651][D][PATTERN:986]: Signal 'EVU_SPERRE_AKTIV' (expanded: 'EVU SPERRE AKTIV') matched pattern 'EVU SPERRE AKTIV'
[19:46:56.694][I][processCanMessage():479]: KESSEL (0x180):     AUSSENTEMP:     0.5     (et_dec_val)
[19:46:56.710][I][processCanMessage():479]: KESSEL (0x180):     HILFSKESSELSOLL:        26.8    (et_dec_val)
[19:46:57.596][I][readSignal():517]: READ "SEKUNDE" (0x0127) FROM MANAGER (0x480 {0x91, 0x00}): 91, 00, fa, 01, 27, 00, 00
[19:46:57.643][I][processCanMessage():479]: MANAGER (0x480):    SEKUNDE:        39      (et_little_endian)
[19:46:57.653][D][PATTERN:986]: Signal 'SEKUNDE' (expanded: 'SEKUNDE') matched pattern 'SEKUNDE'
[19:46:57.699][I][processCanMessage():479]: MANAGER (0x480):    WPVORLAUFIST:   0.0     (et_dec_val)
[19:46:57.705][I][processCanMessage():479]: MANAGER (0x480):    RUECKLAUFISTTEMP:       0.0     (et_dec_val)
[19:46:57.723][I][processCanMessage():479]: HEIZMODUL (0x500):  WPVORLAUFIST:   32.0    (et_dec_val)
[19:46:57.730][I][processCanMessage():479]: MANAGER (0x480):    VERDICHTER:     0.0     (et_dec_val)
[19:46:57.757][I][processCanMessage():479]: HEIZMODUL (0x500):  RUECKLAUFISTTEMP:       29.3    (et_dec_val)
[19:46:57.831][I][processCanMessage():479]: HEIZMODUL (0x500):  VERDICHTER:     54.5    (et_dec_val)
[19:46:58.600][I][readSignal():517]: READ "JAHR" (0x0124) FROM MANAGER (0x480 {0x91, 0x00}): 91, 00, fa, 01, 24, 00, 00
[19:46:58.638][I][processCanMessage():479]: MANAGER (0x480):    JAHR:   25      (et_little_endian)
[19:46:58.649][D][PATTERN:986]: Signal 'JAHR' (expanded: 'JAHR') matched pattern 'JAHR'
[19:46:59.616][I][readSignal():517]: READ "ABTAUUNGAKTIV" (0x0061) FROM HEIZMODUL (0x500 {0xa1, 0x00}): a1, 00, 61, 00, 00, 00, 00
[19:46:59.666][I][processCanMessage():479]: HEIZMODUL (0x500):  ABTAUUNGAKTIV:  ?       (et_little_bool)
[19:46:59.670][D][PATTERN:986]: Signal 'ABTAUUNGAKTIV' (expanded: 'ABTAUUNGAKTIV') matched pattern 'AKTIV'
[19:47:00.637][I][readSignal():517]: READ "SPEICHERSOLLTEMP" (0x0003) FROM KESSEL (0x180 {0x31, 0x00}): 31, 00, 03, 00, 00, 00, 00
[19:47:00.698][I][processCanMessage():479]: KESSEL (0x180):     SPEICHERSOLLTEMP:       48.0    (et_dec_val)
[19:47:00.715][D][PATTERN:986]: Signal 'SPEICHERSOLLTEMP' (expanded: 'SPEICHER SOLL TEMP') matched pattern 'TEMP'
[19:47:01.636][I][readSignal():517]: READ "RAUMSOLLTEMP_II" (0x0006) FROM MANAGER (0x480 {0x91, 0x00}): 91, 00, 06, 00, 00, 00, 00
[19:47:01.686][I][processCanMessage():479]: MANAGER (0x480):    RAUMSOLLTEMP_II:        20.0    (et_dec_val)
[19:47:01.696][D][PATTERN:986]: Signal 'RAUMSOLLTEMP_II' (expanded: 'RAUM SOLL TEMP II') matched pattern 'TEMP'
[19:47:01.722][I][processCanMessage():479]: KESSEL (0x180):     AUSSENTEMP:     0.5     (et_dec_val)
[19:47:01.738][I][processCanMessage():479]: KESSEL (0x180):     HILFSKESSELSOLL:        26.8    (et_dec_val)
[19:47:02.615][I][readSignal():517]: READ "WP_STATUS" (0xfdae) FROM MANAGER (0x480 {0x91, 0x00}): 91, 00, fa, fd, ae, 00, 00
[19:47:02.645][I][processCanMessage():479]: MANAGER (0x480):    WP_STATUS:      -255    (et_little_endian)
[19:47:02.663][D][PATTERN:986]: Signal 'WP_STATUS' (expanded: 'WP STATUS') matched pattern 'STATUS'
[19:47:03.641][I][readSignal():517]: READ "KESSELSOLLTEMP" (0x0002) FROM MANAGER (0x480 {0x91, 0x00}): 91, 00, 02, 00, 00, 00, 00
[19:47:03.688][I][processCanMessage():479]: MANAGER (0x480):    KESSELSOLLTEMP: 28.0    (et_dec_val)
[19:47:03.701][D][PATTERN:986]: Signal 'KESSELSOLLTEMP' (expanded: 'KESSEL SOLL TEMP') matched pattern 'TEMP'
[19:47:04.714][I][readSignal():517]: READ "RAUMSOLLTEMP_NACHT" (0x0008) FROM MANAGER (0x480 {0x91, 0x00}): 91, 00, 08, 00, 00, 00, 00
[19:47:04.735][I][processCanMessage():479]: MANAGER (0x480):    RAUMSOLLTEMP_NACHT:     20.0    (et_dec_val)
[19:47:04.739][D][PATTERN:986]: Signal 'RAUMSOLLTEMP_NACHT' (expanded: 'RAUM SOLL TEMP NACHT') matched pattern 'TEMP'
[19:47:04.973][I][CALC:679]: Published date: 2025-12-21 (Jahr=25, Monat=12, Tag=21)
[19:47:04.980][W][CALC:693]: Cannot publish time: sensors not initialized (Stunde=-1, Minute=-1, Sekunde=39)
[19:47:05.646][I][readSignal():517]: READ "SPEICHERSOLLTEMP" (0x0003) FROM MANAGER (0x480 {0x91, 0x00}): 91, 00, 03, 00, 00, 00, 00
[19:47:05.689][I][processCanMessage():479]: MANAGER (0x480):    SPEICHERSOLLTEMP:       48.0    (et_dec_val)
[19:47:06.647][I][readSignal():517]: READ "AUSSENTEMP" (0x000c) FROM KESSEL (0x180 {0x31, 0x00}): 31, 00, 0c, 00, 00, 00, 00
[19:47:06.701][I][processCanMessage():479]: KESSEL (0x180):     AUSSENTEMP:     0.4     (et_dec_val)
[19:47:06.754][I][processCanMessage():479]: MANAGER (0x480):    RUECKLAUFISTTEMP:       29.8    (et_dec_val)
[19:47:06.809][I][processCanMessage():479]: MANAGER (0x480):    PROGRAMMSCHALTER:       Tagbetrieb      (et_betriebsart)
[19:47:06.815][I][processCanMessage():479]: KESSEL (0x180):     AUSSENTEMP:     0.4     (et_dec_val)
[19:47:06.864][I][processCanMessage():479]: MANAGER (0x480):    MINUTE: 48      (et_little_endian)
[19:47:06.870][D][PATTERN:986]: Signal 'MINUTE' (expanded: 'MINUTE') matched pattern 'MINUTE'
[19:47:06.909][W][CALC:693]: Cannot publish time: sensors not initialized (Stunde=-1, Minute=48, Sekunde=39)
[19:47:06.919][I][processCanMessage():479]: MANAGER (0x480):    STUNDE: 19      (et_little_endian)
[19:47:06.938][D][PATTERN:986]: Signal 'STUNDE' (expanded: 'STUNDE') matched pattern 'STUNDE'
[19:47:06.944][I][processCanMessage():479]: MANAGER (0x480):    TAG:    21      (et_little_endian)
[19:47:06.960][I][CALC:679]: Published date: 2025-12-21 (Jahr=25, Monat=12, Tag=21)
[19:47:06.994][I][processCanMessage():479]: MANAGER (0x480):    MONAT:  12      (et_little_endian)
[19:47:07.003][I][processCanMessage():479]: MANAGER (0x480):    JAHR:   25      (et_little_endian)
[19:47:07.062][I][processCanMessage():479]: MANAGER (0x480):    WP_STATUS:      1       (et_little_endian)
[19:47:07.096][I][processCanMessage():479]: MANAGER (0x480):    WPVORLAUFIST:   0.0     (et_dec_val)
[19:47:07.111][I][processCanMessage():479]: MANAGER (0x480):    RUECKLAUFISTTEMP:       0.0     (et_dec_val)
[19:47:07.117][I][processCanMessage():479]: HEIZMODUL (0x500):  WPVORLAUFIST:   32.0    (et_dec_val)
[19:47:07.172][I][processCanMessage():479]: HEIZMODUL (0x500):  RUECKLAUFISTTEMP:       29.3    (et_dec_val)
[19:47:07.651][I][readSignal():517]: READ "AUSSENTEMP" (0x000c) FROM HEIZMODUL (0x500 {0xa1, 0x00}): a1, 00, 0c, 00, 00, 00, 00
[19:47:07.878][I][processCanMessage():479]: HEIZMODUL (0x500):  VERDAMPFERTEMP: 64      (et_byte)
[19:47:07.900][D][PATTERN:986]: Signal 'VERDAMPFERTEMP' (expanded: 'VERDAMPFER TEMP') matched pattern 'TEMP'
[19:47:07.974][I][processCanMessage():479]: HEIZMODUL (0x500):  SPEICHER_STATUS:        129     (et_little_endian)
[19:47:07.988][D][PATTERN:986]: Signal 'SPEICHER_STATUS' (expanded: 'SPEICHER STATUS') matched pattern 'STATUS'
[19:47:08.094][I][processCanMessage():479]: HEIZMODUL (0x500):  ABTAUUNGAKTIV:  ?       (et_little_bool)
[19:47:08.499][I][processCanMessage():479]: HEIZMODUL (0x500):  BETRIEBSART_WP: 4       (et_default)
[19:47:08.512][D][PATTERN:986]: Signal 'BETRIEBSART_WP' (expanded: 'BETRIEBSART WP') matched pattern 'BETRIEB'
[19:47:08.654][I][readSignal():517]: READ "SAMMLERISTTEMP" (0x000d) FROM KESSEL (0x180 {0x31, 0x00}): 31, 00, 0d, 00, 00, 00, 00
[19:47:08.680][I][processCanMessage():479]: HEIZMODUL (0x500):  AUSSENTEMP:     0.2     (et_dec_val)
[19:47:08.689][I][processCanMessage():479]: KESSEL (0x180):     SAMMLERISTTEMP: -40.0   (et_dec_val)
[19:47:08.695][D][PATTERN:986]: Signal 'SAMMLERISTTEMP' (expanded: 'SAMMLER IST TEMP') matched pattern 'TEMP'
[19:47:09.671][I][readSignal():517]: READ "VORLAUFISTTEMP" (0x000f) FROM KESSEL (0x180 {0x31, 0x00}): 31, 00, 0f, 00, 00, 00, 00
[19:47:10.727][I][processCanMessage():479]: KESSEL (0x180):     VORLAUFISTTEMP: 28.1    (et_dec_val)
[19:47:10.727][D][PATTERN:986]: Signal 'VORLAUFISTTEMP' (expanded: 'VORLAUF IST TEMP') matched pattern 'TEMP'
[19:47:10.727][I][readSignal():517]: READ "RAUMSOLLTEMP_III" (0x0007) FROM MANAGER (0x480 {0x91, 0x00}): 91, 00, 07, 00, 00, 00, 00
[19:47:10.727][I][processCanMessage():479]: MANAGER (0x480):    RAUMSOLLTEMP_III:       20.0    (et_dec_val)
[19:47:10.727][D][PATTERN:986]: Signal 'RAUMSOLLTEMP_III' (expanded: 'RAUM SOLL TEMP III') matched pattern 'TEMP'
[19:47:11.668][I][readSignal():517]: READ "SPEICHERISTTEMP" (0x000e) FROM KESSEL (0x180 {0x31, 0x00}): 31, 00, 0e, 00, 00, 00, 00
[19:47:11.698][I][processCanMessage():479]: KESSEL (0x180):     SPEICHERISTTEMP:        45.3    (et_dec_val)
[19:47:11.721][D][PATTERN:986]: Signal 'SPEICHERISTTEMP' (expanded: 'SPEICHER IST TEMP') matched pattern 'TEMP'
[19:47:12.673][I][readSignal():517]: READ "EINSTELL_SPEICHERSOLLTEMP" (0x0013) FROM MANAGER (0x480 {0x91, 0x00}): 91, 00, 13, 00, 00, 00, 00
[19:47:12.721][I][processCanMessage():479]: MANAGER (0x480):    EINSTELL_SPEICHERSOLLTEMP:      48.0    (et_dec_val)
[19:47:12.776][D][PATTERN:986]: Signal 'EINSTELL_SPEICHERSOLLTEMP' (expanded: 'EINSTELL SPEICHER SOLL TEMP') matched pattern 'TEMP'
[19:47:13.679][I][readSignal():517]: READ "KESSELSOLLTEMP" (0x0002) FROM KESSEL (0x180 {0x31, 0x00}): 31, 00, 02, 00, 00, 00, 00
[19:47:13.706][I][processCanMessage():479]: KESSEL (0x180):     KESSELSOLLTEMP: 27.8    (et_dec_val)
[19:47:14.644][I][readSignal():517]: READ "MINUTE" (0x0126) FROM MANAGER (0x480 {0x91, 0x00}): 91, 00, fa, 01, 26, 00, 00
[19:47:14.704][I][processCanMessage():479]: MANAGER (0x480):    MINUTE: 48      (et_little_endian)
[19:47:15.210][I][CALC:721]: Published time: 19:48:39 (Stunde=19, Minute=48, Sekunde=39)
[19:47:15.708][I][readSignal():517]: READ "RUECKLAUFISTTEMP" (0x0016) FROM MANAGER (0x480 {0x91, 0x00}): 91, 00, 16, 00, 00, 00, 00
[19:47:15.753][I][processCanMessage():479]: MANAGER (0x480):    RUECKLAUFISTTEMP:       29.8    (et_dec_val)
[19:47:16.691][I][readSignal():517]: READ "RUECKLAUFISTTEMP" (0x0016) FROM KESSEL (0x180 {0x31, 0x00}): 31, 00, 16, 00, 00, 00, 00
[19:47:16.754][I][processCanMessage():479]: KESSEL (0x180):     RUECKLAUFISTTEMP:       29.8    (et_dec_val)
[19:47:17.695][I][readSignal():517]: READ "WPVORLAUFIST" (0x01d6) FROM KESSEL (0x180 {0x31, 0x00}): 31, 00, fa, 01, d6, 00, 00
[19:47:17.722][I][processCanMessage():479]: KESSEL (0x180):     WPVORLAUFIST:   32.7    (et_dec_val)
[19:47:18.698][I][readSignal():517]: READ "VERDICHTER" (0x07a8) FROM HEIZMODUL (0x500 {0xa1, 0x00}): a1, 00, fa, 07, a8, 00, 00
[19:47:19.162][I][processCanMessage():479]: KESSEL (0x180):     AUSSENTEMP:     0.5     (et_dec_val)
[19:47:19.166][I][processCanMessage():479]: KESSEL (0x180):     HILFSKESSELSOLL:        26.8    (et_dec_val)
[19:47:19.171][I][processCanMessage():479]: MANAGER (0x480):    MINUTE: 49      (et_little_endian)
[19:47:19.171][I][CALC:721]: Published time: 19:49:39 (Stunde=19, Minute=49, Sekunde=39)
[19:47:19.174][I][processCanMessage():479]: HEIZMODUL (0x500):  VERDICHTER:     54.5    (et_dec_val)
[19:47:19.728][I][readSignal():517]: READ "EINSTELL_SPEICHERSOLLTEMP2" (0x0a06) FROM KESSEL (0x180 {0x31, 0x00}): 31, 00, fa, 0a, 06, 00, 00
[19:47:19.758][I][processCanMessage():479]: KESSEL (0x180):     EINSTELL_SPEICHERSOLLTEMP2:     48.0    (et_dec_val)
[19:47:21.586][D][PATTERN:986]: Signal 'EINSTELL_SPEICHERSOLLTEMP2' (expanded: 'EINSTELL SPEICHER SOLL TEMP 2') matched pattern 'TEMP'
[19:47:21.587][I][readSignal():517]: READ "RAUMSOLLTEMP_I" (0x0005) FROM MANAGER (0x480 {0x91, 0x00}): 91, 00, 05, 00, 00, 00, 00
[19:47:21.587][I][processCanMessage():479]: MANAGER (0x480):    RAUMSOLLTEMP_I: 20.0    (et_dec_val)
[19:47:21.587][D][PATTERN:986]: Signal 'RAUMSOLLTEMP_I' (expanded: 'RAUM SOLL TEMP I') matched pattern 'TEMP'
[19:47:22.094][I][readSignal():517]: READ "EINSTELL_SPEICHERSOLLTEMP" (0x0013) FROM KESSEL (0x180 {0x31, 0x00}): 31, 00, 13, 00, 00, 00, 00
[19:47:22.126][I][processCanMessage():479]: KESSEL (0x180):     EINSTELL_SPEICHERSOLLTEMP:      48.0    (et_dec_val)
[19:47:22.203][I][safe_mode:042]: Boot seems successful; resetting boot loop counter
[19:47:22.222][D][esp32.preferences:149]: Writing 1 items: 0 cached, 1 written, 0 failed
[19:47:22.723][I][readSignal():517]: READ "EINSTELL_SPEICHERSOLLTEMP2" (0x0a06) FROM MANAGER (0x480 {0x91, 0x00}): 91, 00, fa, 0a, 06, 00, 00
[19:47:22.754][I][processCanMessage():479]: MANAGER (0x480):    EINSTELL_SPEICHERSOLLTEMP2:     48.0    (et_dec_val)
[19:47:23.537][I][readSignal():517]: READ "PROGRAMMSCHALTER" (0x0112) FROM MANAGER (0x480 {0x91, 0x00}): 91, 00, fa, 01, 12, 00, 00
[19:47:23.568][I][processCanMessage():479]: MANAGER (0x480):    PROGRAMMSCHALTER:       Tagbetrieb      (et_betriebsart)
INFO Processing unexpected disconnect from ESPHome API for heatingpump @ 192.168.30.124
WARNING Disconnected from API
INFO Successfully resolved heatingpump @ 192.168.30.124 in 0.001s
INFO Successfully connected to heatingpump @ 192.168.30.124 in 0.033s
INFO Successful handshake with heatingpump @ 192.168.30.124 in 0.046s
[19:47:47.097][D][api.connection:1398]: Home Assistant 2025.12.4 (192.168.30.202) connected
[19:47:47.256][D][homeassistant.text_sensor:016]: 'input_datetime.warmepumpe_datum': Got state '2025-09-27'
[19:47:47.271][D][homeassistant.text_sensor:016]: 'input_datetime.warmepumpe_uhrzeit': Got state '08:10:00'
[19:47:47.696][I][processCanMessage():479]: MANAGER (0x480):    WPVORLAUFIST:   0.0     (et_dec_val)
[19:47:47.708][I][processCanMessage():479]: MANAGER (0x480):    RUECKLAUFISTTEMP:       0.0     (et_dec_val)
[19:47:47.729][I][processCanMessage():479]: HEIZMODUL (0x500):  WPVORLAUFIST:   32.2    (et_dec_val)
[19:47:47.739][I][processCanMessage():479]: MANAGER (0x480):    VERDICHTER:     0.0     (et_dec_val)
[19:47:47.770][I][processCanMessage():479]: HEIZMODUL (0x500):  RUECKLAUFISTTEMP:       29.4    (et_dec_val)
[19:47:47.844][I][processCanMessage():479]: HEIZMODUL (0x500):  VERDICHTER:     54.5    (et_dec_val)
[19:47:48.707][I][processCanMessage():479]: KESSEL (0x180):     AUSSENTEMP:     0.4     (et_dec_val)
[19:47:48.718][I][processCanMessage():479]: KESSEL (0x180):     HILFSKESSELSOLL:        26.8    (et_dec_val)
[19:47:53.690][I][processCanMessage():479]: KESSEL (0x180):     AUSSENTEMP:     0.3     (et_dec_val)
[19:47:53.694][I][processCanMessage():479]: KESSEL (0x180):     HILFSKESSELSOLL:        26.8    (et_dec_val)
[19:47:57.683][I][processCanMessage():479]: MANAGER (0x480):    WPVORLAUFIST:   0.0     (et_dec_val)
[19:47:57.697][I][processCanMessage():479]: HEIZMODUL (0x500):  WPVORLAUFIST:   32.2    (et_dec_val)
[19:47:57.706][I][processCanMessage():479]: MANAGER (0x480):    RUECKLAUFISTTEMP:       0.0     (et_dec_val)
[19:47:57.733][I][processCanMessage():479]: MANAGER (0x480):    VERDICHTER:     0.0     (et_dec_val)
[19:47:57.733][I][processCanMessage():479]: HEIZMODUL (0x500):  RUECKLAUFISTTEMP:       29.4    (et_dec_val)
[19:47:57.809][I][processCanMessage():479]: HEIZMODUL (0x500):  VERDICHTER:     54.5    (et_dec_val)
[19:47:58.698][I][processCanMessage():479]: KESSEL (0x180):     AUSSENTEMP:     0.3     (et_dec_val)
[19:47:58.729][I][processCanMessage():479]: KESSEL (0x180):     HILFSKESSELSOLL:        26.9    (et_dec_val)
[19:47:59.847][I][REQUEST_MGR:1696]: Signal request manager active - processing 45 signal definitions
[19:47:59.856][I][REQUEST_MGR:1700]: Initializing signal schedules with random offsets to prevent burst
[19:48:00.016][I][REQUEST_MGR:1730]: Initialized 45 signal schedules
[19:48:00.179][W][component:490]: interval took a long time for an operation (329 ms)
[19:48:00.179][W][component:493]: Components should block for at most 30 ms
[19:48:00.194][W][component:490]: mqtt took a long time for an operation (336 ms)
[19:48:00.194][W][component:493]: Components should block for at most 30 ms
[19:48:00.729][I][CALC_SCHED:1624]: Initializing calculated sensor schedules with random offsets
[19:48:00.736][I][CALC_SCHED:1643]: Calculated sensor scheduler initialized
[19:48:02.903][I][readSignal():517]: READ "SOMMERBETRIEB" (0xfdb4) FROM MANAGER (0x480 {0x91, 0x00}): 91, 00, fa, fd, b4, 00, 00
[19:48:02.939][I][processCanMessage():479]: MANAGER (0x480):    SOMMERBETRIEB:  on      (et_little_bool)
[19:48:03.685][I][processCanMessage():479]: KESSEL (0x180):     AUSSENTEMP:     0.3     (et_dec_val)
[19:48:03.703][I][processCanMessage():479]: KESSEL (0x180):     HILFSKESSELSOLL:        26.9    (et_dec_val)
[19:48:04.909][I][readSignal():517]: READ "RAUMSOLLTEMP_II" (0x0006) FROM MANAGER (0x480 {0x91, 0x00}): 91, 00, 06, 00, 00, 00, 00
[19:48:04.934][I][processCanMessage():479]: MANAGER (0x480):    RAUMSOLLTEMP_II:        20.0    (et_dec_val)
[19:48:04.989][D][PATTERN:986]: Signal 'RAUMSOLLTEMP_II' (expanded: 'RAUM SOLL TEMP II') matched pattern 'TEMP'
[19:48:06.916][I][readSignal():517]: READ "SPEICHERSOLLTEMP" (0x0003) FROM MANAGER (0x480 {0x91, 0x00}): 91, 00, 03, 00, 00, 00, 00
[19:48:06.944][I][processCanMessage():479]: MANAGER (0x480):    SPEICHERSOLLTEMP:       48.0    (et_dec_val)
[19:48:06.953][D][PATTERN:986]: Signal 'SPEICHERSOLLTEMP' (expanded: 'SPEICHER SOLL TEMP') matched pattern 'TEMP'
[19:48:07.688][I][processCanMessage():479]: MANAGER (0x480):    WPVORLAUFIST:   0.0     (et_dec_val)
[19:48:07.718][I][processCanMessage():479]: MANAGER (0x480):    RUECKLAUFISTTEMP:       0.0     (et_dec_val)
[19:48:07.735][I][processCanMessage():479]: MANAGER (0x480):    VERDICHTER:     0.0     (et_dec_val)
[19:48:07.735][I][processCanMessage():479]: HEIZMODUL (0x500):  WPVORLAUFIST:   32.2    (et_dec_val)
[19:48:07.748][I][processCanMessage():479]: HEIZMODUL (0x500):  RUECKLAUFISTTEMP:       29.5    (et_dec_val)
[19:48:07.792][I][processCanMessage():479]: HEIZMODUL (0x500):  VERDICHTER:     54.5    (et_dec_val)
[19:48:07.915][I][readSignal():517]: READ "RAUMSOLLTEMP_I" (0x0005) FROM MANAGER (0x480 {0x91, 0x00}): 91, 00, 05, 00, 00, 00, 00
[19:48:07.940][I][processCanMessage():479]: MANAGER (0x480):    RAUMSOLLTEMP_I: 20.0    (et_dec_val)
[19:48:07.948][D][PATTERN:986]: Signal 'RAUMSOLLTEMP_I' (expanded: 'RAUM SOLL TEMP I') matched pattern 'TEMP'
[19:48:08.718][I][processCanMessage():479]: KESSEL (0x180):     AUSSENTEMP:     0.2     (et_dec_val)
[19:48:08.737][I][processCanMessage():479]: KESSEL (0x180):     HILFSKESSELSOLL:        26.9    (et_dec_val)
[19:48:08.917][I][readSignal():517]: READ "RUECKLAUFISTTEMP" (0x0016) FROM MANAGER (0x480 {0x91, 0x00}): 91, 00, 16, 00, 00, 00, 00
[19:48:08.943][I][processCanMessage():479]: MANAGER (0x480):    RUECKLAUFISTTEMP:       29.8    (et_dec_val)
[19:48:09.920][I][readSignal():517]: READ "WPVORLAUFIST" (0x01d6) FROM KESSEL (0x180 {0x31, 0x00}): 31, 00, fa, 01, d6, 00, 00
[19:48:09.951][I][processCanMessage():479]: KESSEL (0x180):     WPVORLAUFIST:   32.7    (et_dec_val)
[19:48:10.938][I][readSignal():517]: READ "EINSTELL_SPEICHERSOLLTEMP2" (0x0a06) FROM KESSEL (0x180 {0x31, 0x00}): 31, 00, fa, 0a, 06, 00, 00
[19:48:10.970][I][processCanMessage():479]: KESSEL (0x180):     EINSTELL_SPEICHERSOLLTEMP2:     48.0    (et_dec_val)
[19:48:10.975][D][PATTERN:986]: Signal 'EINSTELL_SPEICHERSOLLTEMP2' (expanded: 'EINSTELL SPEICHER SOLL TEMP 2') matched pattern 'TEMP'
[19:48:12.014][I][readSignal():517]: READ "WAERMEERTRAG_2WE_HEIZ_TAG_KWH" (0x0927) FROM HEIZMODUL (0x500 {0xa1, 0x00}): a1, 00, fa, 09, 27, 00, 00
[19:48:12.050][I][processCanMessage():479]: HEIZMODUL (0x500):  WAERMEERTRAG_2WE_HEIZ_TAG_KWH:  709.000 (et_double_val)
[19:48:12.066][D][PATTERN:986]: Signal 'WAERMEERTRAG_2WE_HEIZ_TAG_KWH' (expanded: 'WAERME ERTRAG 2WE HEIZ TAG KWH') matched pattern 'KWH'
[19:48:13.701][I][processCanMessage():479]: KESSEL (0x180):     AUSSENTEMP:     0.4     (et_dec_val)
[19:48:13.714][I][processCanMessage():479]: KESSEL (0x180):     HILFSKESSELSOLL:        26.8    (et_dec_val)
[19:48:15.955][I][readSignal():517]: READ "SPEICHERISTTEMP" (0x000e) FROM KESSEL (0x180 {0x31, 0x00}): 31, 00, 0e, 00, 00, 00, 00
[19:48:15.977][I][processCanMessage():479]: KESSEL (0x180):     SPEICHERISTTEMP:        45.3    (et_dec_val)
[19:48:15.977][D][PATTERN:986]: Signal 'SPEICHERISTTEMP' (expanded: 'SPEICHER IST TEMP') matched pattern 'TEMP'
[19:48:16.949][I][readSignal():517]: READ "VORLAUFISTTEMP" (0x000f) FROM KESSEL (0x180 {0x31, 0x00}): 31, 00, 0f, 00, 00, 00, 00
[19:48:17.002][I][processCanMessage():479]: KESSEL (0x180):     VORLAUFISTTEMP: 28.1    (et_dec_val)
[19:48:17.006][D][PATTERN:986]: Signal 'VORLAUFISTTEMP' (expanded: 'VORLAUF IST TEMP') matched pattern 'TEMP'
[19:48:17.748][I][processCanMessage():479]: MANAGER (0x480):    WPVORLAUFIST:   0.0     (et_dec_val)
[19:48:17.748][I][processCanMessage():479]: MANAGER (0x480):    RUECKLAUFISTTEMP:       0.0     (et_dec_val)
[19:48:17.777][I][processCanMessage():479]: MANAGER (0x480):    VERDICHTER:     0.0     (et_dec_val)
[19:48:17.794][I][processCanMessage():479]: MANAGER (0x480):    MINUTE: 50      (et_little_endian)
[19:48:17.794][D][PATTERN:986]: Signal 'MINUTE' (expanded: 'MINUTE') matched pattern 'MINUTE'
[19:48:17.794][W][CALC:693]: Cannot publish time: sensors not initialized (Stunde=-1, Minute=50, Sekunde=-1)
[19:48:17.796][I][processCanMessage():479]: HEIZMODUL (0x500):  WPVORLAUFIST:   32.3    (et_dec_val)
[19:48:17.814][I][processCanMessage():479]: HEIZMODUL (0x500):  RUECKLAUFISTTEMP:       29.5    (et_dec_val)
[19:48:17.852][I][processCanMessage():479]: HEIZMODUL (0x500):  VERDICHTER:     54.5    (et_dec_val)
[19:48:17.906][I][readSignal():517]: READ "SEKUNDE" (0x0127) FROM MANAGER (0x480 {0x91, 0x00}): 91, 00, fa, 01, 27, 00, 00
[19:48:17.950][I][processCanMessage():479]: MANAGER (0x480):    SEKUNDE:        0       (et_little_endian)
[19:48:17.950][D][PATTERN:986]: Signal 'SEKUNDE' (expanded: 'SEKUNDE') matched pattern 'SEKUNDE'
[19:48:18.779][I][processCanMessage():479]: KESSEL (0x180):     RUECKLAUFISTTEMP:       30.3    (et_dec_val)
[19:48:18.786][I][processCanMessage():479]: MANAGER (0x480):    RUECKLAUFISTTEMP:       30.3    (et_dec_val)
[19:48:18.786][I][processCanMessage():479]: KESSEL (0x180):     AUSSENTEMP:     0.6     (et_dec_val)
[19:48:18.787][I][processCanMessage():479]: KESSEL (0x180):     HILFSKESSELSOLL:        26.8    (et_dec_val)
[19:48:18.945][I][readSignal():517]: READ "SPEICHERSOLLTEMP" (0x0003) FROM KESSEL (0x180 {0x31, 0x00}): 31, 00, 03, 00, 00, 00, 00
[19:48:18.973][I][processCanMessage():479]: KESSEL (0x180):     SPEICHERSOLLTEMP:       48.0    (et_dec_val)
[19:48:19.947][I][readSignal():517]: READ "AUSSENTEMP" (0x000c) FROM KESSEL (0x180 {0x31, 0x00}): 31, 00, 0c, 00, 00, 00, 00
[19:48:19.974][I][processCanMessage():479]: KESSEL (0x180):     AUSSENTEMP:     0.5     (et_dec_val)
[19:48:20.949][I][readSignal():517]: READ "AUSSENTEMP" (0x000c) FROM HEIZMODUL (0x500 {0xa1, 0x00}): a1, 00, 0c, 00, 00, 00, 00
[19:48:21.001][I][processCanMessage():479]: HEIZMODUL (0x500):  AUSSENTEMP:     0.0     (et_dec_val)
[19:48:21.949][I][readSignal():517]: READ "EINSTELL_SPEICHERSOLLTEMP" (0x0013) FROM KESSEL (0x180 {0x31, 0x00}): 31, 00, 13, 00, 00, 00, 00
[19:48:21.985][I][processCanMessage():479]: KESSEL (0x180):     EINSTELL_SPEICHERSOLLTEMP:      48.0    (et_dec_val)
[19:48:21.985][D][PATTERN:986]: Signal 'EINSTELL_SPEICHERSOLLTEMP' (expanded: 'EINSTELL SPEICHER SOLL TEMP') matched pattern 'TEMP'
[19:48:22.960][I][readSignal():517]: READ "VERDICHTER" (0x07a8) FROM HEIZMODUL (0x500 {0xa1, 0x00}): a1, 00, fa, 07, a8, 00, 00
[19:48:23.021][I][processCanMessage():479]: HEIZMODUL (0x500):  VERDICHTER:     54.5    (et_dec_val)
[19:48:23.700][I][processCanMessage():479]: KESSEL (0x180):     AUSSENTEMP:     0.4     (et_dec_val)
[19:48:23.726][I][processCanMessage():479]: KESSEL (0x180):     HILFSKESSELSOLL:        26.8    (et_dec_val)
[19:48:23.955][I][readSignal():517]: READ "KESSELSOLLTEMP" (0x0002) FROM MANAGER (0x480 {0x91, 0x00}): 91, 00, 02, 00, 00, 00, 00
[19:48:23.981][I][processCanMessage():479]: MANAGER (0x480):    KESSELSOLLTEMP: 28.0    (et_dec_val)
[19:48:23.991][D][PATTERN:986]: Signal 'KESSELSOLLTEMP' (expanded: 'KESSEL SOLL TEMP') matched pattern 'TEMP'
[19:48:24.960][I][readSignal():517]: READ "KESSELSOLLTEMP" (0x0002) FROM KESSEL (0x180 {0x31, 0x00}): 31, 00, 02, 00, 00, 00, 00
[19:48:24.991][I][processCanMessage():479]: KESSEL (0x180):     KESSELSOLLTEMP: 28.0    (et_dec_val)
[19:48:25.961][I][readSignal():517]: READ "RAUMSOLLTEMP_III" (0x0007) FROM MANAGER (0x480 {0x91, 0x00}): 91, 00, 07, 00, 00, 00, 00
[19:48:26.013][I][processCanMessage():479]: MANAGER (0x480):    RAUMSOLLTEMP_III:       20.0    (et_dec_val)
[19:48:26.014][D][PATTERN:986]: Signal 'RAUMSOLLTEMP_III' (expanded: 'RAUM SOLL TEMP III') matched pattern 'TEMP'
[19:48:26.964][I][readSignal():517]: READ "SAMMLERISTTEMP" (0x000d) FROM KESSEL (0x180 {0x31, 0x00}): 31, 00, 0d, 00, 00, 00, 00
[19:48:26.993][I][processCanMessage():479]: KESSEL (0x180):     SAMMLERISTTEMP: -40.0   (et_dec_val)
[19:48:27.007][D][PATTERN:986]: Signal 'SAMMLERISTTEMP' (expanded: 'SAMMLER IST TEMP') matched pattern 'TEMP'
[19:48:27.695][I][processCanMessage():479]: MANAGER (0x480):    WPVORLAUFIST:   0.0     (et_dec_val)
[19:48:27.705][I][processCanMessage():479]: MANAGER (0x480):    RUECKLAUFISTTEMP:       0.0     (et_dec_val)
[19:48:27.717][I][processCanMessage():479]: HEIZMODUL (0x500):  WPVORLAUFIST:   32.3    (et_dec_val)
[19:48:27.727][I][processCanMessage():479]: MANAGER (0x480):    VERDICHTER:     0.0     (et_dec_val)
[19:48:27.752][I][processCanMessage():479]: HEIZMODUL (0x500):  RUECKLAUFISTTEMP:       29.5    (et_dec_val)
[19:48:27.829][I][processCanMessage():479]: HEIZMODUL (0x500):  VERDICHTER:     54.5    (et_dec_val)
[19:48:27.965][I][readSignal():517]: READ "EINSTELL_SPEICHERSOLLTEMP" (0x0013) FROM MANAGER (0x480 {0x91, 0x00}): 91, 00, 13, 00, 00, 00, 00
[19:48:28.020][I][processCanMessage():479]: MANAGER (0x480):    EINSTELL_SPEICHERSOLLTEMP:      48.0    (et_dec_val)
[19:48:28.703][I][processCanMessage():479]: KESSEL (0x180):     AUSSENTEMP:     0.5     (et_dec_val)
[19:48:28.718][I][processCanMessage():479]: KESSEL (0x180):     HILFSKESSELSOLL:        26.8    (et_dec_val)
[19:48:28.969][I][readSignal():517]: READ "RUECKLAUFISTTEMP" (0x0016) FROM KESSEL (0x180 {0x31, 0x00}): 31, 00, 16, 00, 00, 00, 00
[19:48:29.020][I][processCanMessage():479]: KESSEL (0x180):     RUECKLAUFISTTEMP:       30.3    (et_dec_val)
[19:48:29.302][I][safe_mode:042]: Boot seems successful; resetting boot loop counter
[19:48:29.334][D][esp32.preferences:149]: Writing 1 items: 0 cached, 1 written, 0 failed
[19:48:29.973][I][readSignal():517]: READ "RAUMSOLLTEMP_NACHT" (0x0008) FROM MANAGER (0x480 {0x91, 0x00}): 91, 00, 08, 00, 00, 00, 00
[19:48:30.003][I][processCanMessage():479]: MANAGER (0x480):    RAUMSOLLTEMP_NACHT:     20.0    (et_dec_val)
[19:48:30.022][D][PATTERN:986]: Signal 'RAUMSOLLTEMP_NACHT' (expanded: 'RAUM SOLL TEMP NACHT') matched pattern 'TEMP'
[19:48:30.517][I][readSignal():517]: READ "SOMMERBETRIEB" (0xfdb4) FROM MANAGER (0x480 {0x91, 0x00}): 91, 00, fa, fd, b4, 00, 00
[19:48:30.543][I][processCanMessage():479]: MANAGER (0x480):    SOMMERBETRIEB:  on      (et_little_bool)
[19:48:30.622][I][readSignal():517]: READ "PROGRAMMSCHALTER" (0x0112) FROM MANAGER (0x480 {0x91, 0x00}): 91, 00, fa, 01, 12, 00, 00
[19:48:30.662][I][processCanMessage():479]: MANAGER (0x480):    PROGRAMMSCHALTER:       Tagbetrieb      (et_betriebsart)
[19:48:30.998][I][readSignal():517]: READ "EINSTELL_SPEICHERSOLLTEMP2" (0x0a06) FROM MANAGER (0x480 {0x91, 0x00}): 91, 00, fa, 0a, 06, 00, 00
[19:48:31.033][I][processCanMessage():479]: MANAGER (0x480):    EINSTELL_SPEICHERSOLLTEMP2:     48.0    (et_dec_val)
[19:48:31.943][I][readSignal():517]: READ "TAG" (0x0122) FROM MANAGER (0x480 {0x91, 0x00}): 91, 00, fa, 01, 22, 00, 00
[19:48:31.990][I][processCanMessage():479]: MANAGER (0x480):    TAG:    21      (et_little_endian)
[19:48:32.001][D][PATTERN:986]: Signal 'TAG' (expanded: 'TAG') matched pattern 'TAG'
[19:48:32.007][W][CALC:651]: Cannot publish date: sensors not initialized (Jahr=-1, Monat=-1, Tag=21)
[19:48:33.092][I][readSignal():517]: READ "WAERMEERTRAG_HEIZ_TAG_KWH" (0x092f) FROM HEIZMODUL (0x500 {0xa1, 0x00}): a1, 00, fa, 09, 2f, 00, 00
[19:48:33.142][I][processCanMessage():479]: HEIZMODUL (0x500):  WAERMEERTRAG_HEIZ_TAG_KWH:      39.000  (et_double_val)
[19:48:33.154][D][PATTERN:986]: Signal 'WAERMEERTRAG_HEIZ_TAG_KWH' (expanded: 'WAERME ERTRAG HEIZ TAG KWH') matched pattern 'KWH'
[19:48:33.704][I][processCanMessage():479]: KESSEL (0x180):     AUSSENTEMP:     0.5     (et_dec_val)
[19:48:33.718][I][processCanMessage():479]: KESSEL (0x180):     HILFSKESSELSOLL:        26.8    (et_dec_val)
[19:48:33.949][I][readSignal():517]: READ "MINUTE" (0x0126) FROM MANAGER (0x480 {0x91, 0x00}): 91, 00, fa, 01, 26, 00, 00
[19:48:33.977][I][processCanMessage():479]: MANAGER (0x480):    MINUTE: 50      (et_little_endian)
[19:48:33.988][W][CALC:693]: Cannot publish time: sensors not initialized (Stunde=-1, Minute=50, Sekunde=0)
[19:48:34.153][I][readSignal():517]: READ "WW_ECO" (0x027e) FROM MANAGER (0x480 {0x91, 0x00}): 91, 00, fa, 02, 7e, 00, 00
[19:48:34.179][I][processCanMessage():479]: MANAGER (0x480):    WW_ECO: on      (et_bool)
[19:48:34.963][I][readSignal():517]: READ "ABTAUUNGAKTIV" (0x0061) FROM HEIZMODUL (0x500 {0xa1, 0x00}): a1, 00, 61, 00, 00, 00, 00
[19:48:34.996][I][processCanMessage():479]: HEIZMODUL (0x500):  ABTAUUNGAKTIV:  ?       (et_little_bool)
[19:48:35.010][D][PATTERN:986]: Signal 'ABTAUUNGAKTIV' (expanded: 'ABTAUUNGAKTIV') matched pattern 'AKTIV'
[19:48:36.989][I][readSignal():517]: READ "RAUMSOLLTEMP_II" (0x0006) FROM MANAGER (0x480 {0x91, 0x00}): 91, 00, 06, 00, 00, 00, 00
[19:48:37.029][I][processCanMessage():479]: MANAGER (0x480):    RAUMSOLLTEMP_II:        20.0    (et_dec_val)
[19:48:37.701][I][processCanMessage():479]: MANAGER (0x480):    WPVORLAUFIST:   0.0     (et_dec_val)
[19:48:37.720][I][processCanMessage():479]: MANAGER (0x480):    RUECKLAUFISTTEMP:       0.0     (et_dec_val)
[19:48:37.726][I][processCanMessage():479]: HEIZMODUL (0x500):  WPVORLAUFIST:   32.4    (et_dec_val)
[19:48:37.747][I][processCanMessage():479]: MANAGER (0x480):    VERDICHTER:     0.0     (et_dec_val)
[19:48:37.757][I][processCanMessage():479]: HEIZMODUL (0x500):  RUECKLAUFISTTEMP:       29.5    (et_dec_val)
[19:48:37.840][I][processCanMessage():479]: HEIZMODUL (0x500):  VERDICHTER:     54.5    (et_dec_val)
[19:48:37.957][I][readSignal():517]: READ "JAHR" (0x0124) FROM MANAGER (0x480 {0x91, 0x00}): 91, 00, fa, 01, 24, 00, 00
[19:48:37.983][I][processCanMessage():479]: MANAGER (0x480):    JAHR:   25      (et_little_endian)
[19:48:38.010][D][PATTERN:986]: Signal 'JAHR' (expanded: 'JAHR') matched pattern 'JAHR'
[19:48:38.717][I][processCanMessage():479]: KESSEL (0x180):     AUSSENTEMP:     0.6     (et_dec_val)
[19:48:38.729][I][processCanMessage():479]: KESSEL (0x180):     HILFSKESSELSOLL:        26.8    (et_dec_val)
[19:48:38.997][I][readSignal():517]: READ "SPEICHERSOLLTEMP" (0x0003) FROM MANAGER (0x480 {0x91, 0x00}): 91, 00, 03, 00, 00, 00, 00
[19:48:39.058][I][processCanMessage():479]: MANAGER (0x480):    SPEICHERSOLLTEMP:       48.0    (et_dec_val)
[19:48:40.006][I][readSignal():517]: READ "RAUMSOLLTEMP_I" (0x0005) FROM MANAGER (0x480 {0x91, 0x00}): 91, 00, 05, 00, 00, 00, 00
[19:48:40.053][I][processCanMessage():479]: MANAGER (0x480):    RAUMSOLLTEMP_I: 20.0    (et_dec_val)
[19:48:41.004][I][readSignal():517]: READ "RUECKLAUFISTTEMP" (0x0016) FROM MANAGER (0x480 {0x91, 0x00}): 91, 00, 16, 00, 00, 00, 00
[19:48:41.038][I][processCanMessage():479]: MANAGER (0x480):    RUECKLAUFISTTEMP:       30.3    (et_dec_val)
[19:48:42.001][I][readSignal():517]: READ "WPVORLAUFIST" (0x01d6) FROM KESSEL (0x180 {0x31, 0x00}): 31, 00, fa, 01, d6, 00, 00
[19:48:42.075][I][processCanMessage():479]: KESSEL (0x180):     WPVORLAUFIST:   32.7    (et_dec_val)
[19:48:43.024][I][readSignal():517]: READ "EINSTELL_SPEICHERSOLLTEMP2" (0x0a06) FROM KESSEL (0x180 {0x31, 0x00}): 31, 00, fa, 0a, 06, 00, 00
[19:48:43.121][I][processCanMessage():479]: KESSEL (0x180):     EINSTELL_SPEICHERSOLLTEMP2:     48.0    (et_dec_val)
[19:48:43.695][I][processCanMessage():479]: KESSEL (0x180):     AUSSENTEMP:     0.7     (et_dec_val)
[19:48:43.760][I][processCanMessage():479]: KESSEL (0x180):     HILFSKESSELSOLL:        26.8    (et_dec_val)
[19:48:44.015][I][readSignal():517]: READ "MONAT" (0x0123) FROM MANAGER (0x480 {0x91, 0x00}): 91, 00, fa, 01, 23, 00, 00
[19:48:44.045][I][processCanMessage():479]: MANAGER (0x480):    MONAT:  12      (et_little_endian)
[19:48:44.051][D][PATTERN:986]: Signal 'MONAT' (expanded: 'MONAT') matched pattern 'MONAT'
[19:48:45.931][I][CALC:679]: Published date: 2025-12-21 (Jahr=25, Monat=12, Tag=21)
[19:48:45.933][W][CALC:693]: Cannot publish time: sensors not initialized (Stunde=-1, Minute=50, Sekunde=0)
[19:48:47.038][I][readSignal():517]: READ "SPEICHERISTTEMP" (0x000e) FROM KESSEL (0x180 {0x31, 0x00}): 31, 00, 0e, 00, 00, 00, 00
[19:48:47.119][I][processCanMessage():479]: KESSEL (0x180):     SPEICHERISTTEMP:        45.4    (et_dec_val)
[19:48:47.702][I][processCanMessage():479]: MANAGER (0x480):    WPVORLAUFIST:   0.0     (et_dec_val)
[19:48:47.728][I][processCanMessage():479]: HEIZMODUL (0x500):  WPVORLAUFIST:   32.4    (et_dec_val)
[19:48:47.736][I][processCanMessage():479]: MANAGER (0x480):    RUECKLAUFISTTEMP:       0.0     (et_dec_val)
[19:48:47.764][I][processCanMessage():479]: MANAGER (0x480):    VERDICHTER:     0.0     (et_dec_val)
[19:48:47.766][I][processCanMessage():479]: HEIZMODUL (0x500):  RUECKLAUFISTTEMP:       29.5    (et_dec_val)
[19:48:48.250][I][processCanMessage():479]: HEIZMODUL (0x500):  VERDICHTER:     54.5    (et_dec_val)
[19:48:48.446][I][readSignal():517]: READ "VORLAUFISTTEMP" (0x000f) FROM KESSEL (0x180 {0x31, 0x00}): 31, 00, 0f, 00, 00, 00, 00
[19:48:48.494][I][processCanMessage():479]: KESSEL (0x180):     VORLAUFISTTEMP: 28.1    (et_dec_val)
[19:48:48.696][I][processCanMessage():479]: KESSEL (0x180):     AUSSENTEMP:     0.6     (et_dec_val)
[19:48:48.726][I][processCanMessage():479]: KESSEL (0x180):     HILFSKESSELSOLL:        26.8    (et_dec_val)
[19:48:49.032][I][readSignal():517]: READ "SPEICHERSOLLTEMP" (0x0003) FROM KESSEL (0x180 {0x31, 0x00}): 31, 00, 03, 00, 00, 00, 00
[19:48:49.060][I][processCanMessage():479]: KESSEL (0x180):     SPEICHERSOLLTEMP:       48.0    (et_dec_val)
[19:48:50.442][I][readSignal():517]: READ "STUNDE" (0x0125) FROM MANAGER (0x480 {0x91, 0x00}): 91, 00, fa, 01, 25, 00, 00
[19:48:50.454][I][processCanMessage():479]: MANAGER (0x480):    STUNDE: 19      (et_little_endian)
[19:48:50.454][D][PATTERN:986]: Signal 'STUNDE' (expanded: 'STUNDE') matched pattern 'STUNDE'
[19:48:51.049][I][readSignal():517]: READ "AUSSENTEMP" (0x000c) FROM KESSEL (0x180 {0x31, 0x00}): 31, 00, 0c, 00, 00, 00, 00
[19:48:51.186][I][processCanMessage():479]: KESSEL (0x180):     AUSSENTEMP:     0.5     (et_dec_val)
[19:48:52.029][I][readSignal():517]: READ "WP_STATUS" (0xfdae) FROM MANAGER (0x480 {0x91, 0x00}): 91, 00, fa, fd, ae, 00, 00
[19:48:52.099][I][processCanMessage():479]: MANAGER (0x480):    WP_STATUS:      -255    (et_little_endian)
[19:48:52.101][D][PATTERN:986]: Signal 'WP_STATUS' (expanded: 'WP STATUS') matched pattern 'STATUS'
[19:48:53.047][I][readSignal():517]: READ "EVU_SPERRE_AKTIV" (0x0074) FROM MANAGER (0x480 {0x91, 0x00}): 91, 00, 74, 00, 00, 00, 00
[19:48:53.061][I][processCanMessage():479]: MANAGER (0x480):    EVU_SPERRE_AKTIV:       ?       (et_little_bool)
[19:48:53.107][D][PATTERN:986]: Signal 'EVU_SPERRE_AKTIV' (expanded: 'EVU SPERRE AKTIV') matched pattern 'EVU SPERRE AKTIV'
[19:48:53.689][I][processCanMessage():479]: KESSEL (0x180):     AUSSENTEMP:     0.5     (et_dec_val)
[19:48:53.713][I][processCanMessage():479]: KESSEL (0x180):     HILFSKESSELSOLL:        26.8    (et_dec_val)
[19:48:55.191][I][readSignal():517]: READ "KESSELSOLLTEMP" (0x0002) FROM MANAGER (0x480 {0x91, 0x00}): 91, 00, 02, 00, 00, 00, 00
[19:48:55.191][I][processCanMessage():479]: MANAGER (0x480):    KESSELSOLLTEMP: 27.8    (et_dec_val)
[19:48:55.191][I][readSignal():517]: READ "AUSSENTEMP" (0x000c) FROM HEIZMODUL (0x500 {0xa1, 0x00}): a1, 00, 0c, 00, 00, 00, 00
[19:48:55.191][I][processCanMessage():479]: HEIZMODUL (0x500):  AUSSENTEMP:     0.2     (et_dec_val)
[19:48:56.069][I][readSignal():517]: READ "KESSELSOLLTEMP" (0x0002) FROM KESSEL (0x180 {0x31, 0x00}): 31, 00, 02, 00, 00, 00, 00
[19:48:56.091][I][processCanMessage():479]: KESSEL (0x180):     KESSELSOLLTEMP: 27.9    (et_dec_val)
[19:48:57.058][I][readSignal():517]: READ "RAUMSOLLTEMP_III" (0x0007) FROM MANAGER (0x480 {0x91, 0x00}): 91, 00, 07, 00, 00, 00, 00
[19:48:57.098][I][processCanMessage():479]: MANAGER (0x480):    RAUMSOLLTEMP_III:       20.0    (et_dec_val)
[19:48:57.687][I][processCanMessage():479]: MANAGER (0x480):    WPVORLAUFIST:   0.0     (et_dec_val)
[19:48:57.709][I][processCanMessage():479]: HEIZMODUL (0x500):  WPVORLAUFIST:   32.4    (et_dec_val)
[19:48:57.716][I][processCanMessage():479]: MANAGER (0x480):    RUECKLAUFISTTEMP:       0.0     (et_dec_val)
[19:48:57.724][I][processCanMessage():479]: MANAGER (0x480):    VERDICHTER:     0.0     (et_dec_val)
[19:48:57.788][I][processCanMessage():479]: HEIZMODUL (0x500):  RUECKLAUFISTTEMP:       29.5    (et_dec_val)
[19:48:57.808][I][processCanMessage():479]: HEIZMODUL (0x500):  VERDICHTER:     54.5    (et_dec_val)
[19:48:58.073][I][readSignal():517]: READ "SAMMLERISTTEMP" (0x000d) FROM KESSEL (0x180 {0x31, 0x00}): 31, 00, 0d, 00, 00, 00, 00
[19:48:58.096][I][processCanMessage():479]: KESSEL (0x180):     SAMMLERISTTEMP: -40.0   (et_dec_val)
[19:48:58.707][I][processCanMessage():479]: KESSEL (0x180):     AUSSENTEMP:     0.5     (et_dec_val)
[19:48:58.728][I][processCanMessage():479]: KESSEL (0x180):     HILFSKESSELSOLL:        26.8    (et_dec_val)
[19:48:58.755][I][processCanMessage():479]: HEIZMODUL (0x500):  ABTAUUNGAKTIV:  off     (et_little_bool)
[19:48:58.869][I][processCanMessage():479]: HEIZMODUL (0x500):  BETRIEBSART_WP: 0       (et_default)
[19:48:58.900][D][PATTERN:986]: Signal 'BETRIEBSART_WP' (expanded: 'BETRIEBSART WP') matched pattern 'BETRIEB'
[19:48:59.067][I][readSignal():517]: READ "EINSTELL_SPEICHERSOLLTEMP" (0x0013) FROM KESSEL (0x180 {0x31, 0x00}): 31, 00, 13, 00, 00, 00, 00
[19:48:59.124][I][processCanMessage():479]: KESSEL (0x180):     EINSTELL_SPEICHERSOLLTEMP:      48.0    (et_dec_val)
[19:49:00.466][I][readSignal():517]: READ "EINSTELL_SPEICHERSOLLTEMP" (0x0013) FROM MANAGER (0x480 {0x91, 0x00}): 91, 00, 13, 00, 00, 00, 00
[19:49:00.490][I][processCanMessage():479]: MANAGER (0x480):    EINSTELL_SPEICHERSOLLTEMP:      48.0    (et_dec_val)
[19:49:01.518][I][readSignal():517]: READ "RAUMSOLLTEMP_NACHT" (0x0008) FROM MANAGER (0x480 {0x91, 0x00}): 91, 00, 08, 00, 00, 00, 00
[19:49:01.535][I][processCanMessage():479]: MANAGER (0x480):    RAUMSOLLTEMP_NACHT:     20.0    (et_dec_val)
[19:49:02.103][I][readSignal():517]: READ "RUECKLAUFISTTEMP" (0x0016) FROM KESSEL (0x180 {0x31, 0x00}): 31, 00, 16, 00, 00, 00, 00
[19:49:02.108][I][processCanMessage():479]: KESSEL (0x180):     RUECKLAUFISTTEMP:       30.4    (et_dec_val)
[19:49:03.088][I][readSignal():517]: READ "VERDICHTER" (0x07a8) FROM HEIZMODUL (0x500 {0xa1, 0x00}): a1, 00, fa, 07, a8, 00, 00
[19:49:03.122][I][processCanMessage():479]: HEIZMODUL (0x500):  VERDICHTER:     0.8     (et_dec_val)
[19:49:05.119][I][processCanMessage():479]: KESSEL (0x180):     AUSSENTEMP:     0.6     (et_dec_val)
[19:49:05.119][I][processCanMessage():479]: KESSEL (0x180):     HILFSKESSELSOLL:        26.8    (et_dec_val)
[19:49:05.119][I][readSignal():517]: READ "EINSTELL_SPEICHERSOLLTEMP2" (0x0a06) FROM MANAGER (0x480 {0x91, 0x00}): 91, 00, fa, 0a, 06, 00, 00
[19:49:05.129][I][processCanMessage():479]: MANAGER (0x480):    EINSTELL_SPEICHERSOLLTEMP2:     48.0    (et_dec_val)
[19:49:06.092][I][readSignal():517]: READ "SOMMERBETRIEB" (0xfdb4) FROM MANAGER (0x480 {0x91, 0x00}): 91, 00, fa, fd, b4, 00, 00
[19:49:06.126][I][processCanMessage():479]: MANAGER (0x480):    SOMMERBETRIEB:  on      (et_little_bool)
[19:49:07.695][I][processCanMessage():479]: MANAGER (0x480):    WPVORLAUFIST:   0.0     (et_dec_val)
[19:49:07.705][I][processCanMessage():479]: MANAGER (0x480):    RUECKLAUFISTTEMP:       0.0     (et_dec_val)
[19:49:07.745][I][processCanMessage():479]: HEIZMODUL (0x500):  WPVORLAUFIST:   32.3    (et_dec_val)
[19:49:07.752][I][processCanMessage():479]: MANAGER (0x480):    VERDICHTER:     0.0     (et_dec_val)
[19:49:07.757][I][processCanMessage():479]: HEIZMODUL (0x500):  RUECKLAUFISTTEMP:       29.6    (et_dec_val)
[19:49:07.806][I][processCanMessage():479]: HEIZMODUL (0x500):  VERDICHTER:     0.8     (et_dec_val)
[19:49:08.091][I][readSignal():517]: READ "RAUMSOLLTEMP_II" (0x0006) FROM MANAGER (0x480 {0x91, 0x00}): 91, 00, 06, 00, 00, 00, 00
[19:49:08.126][I][processCanMessage():479]: MANAGER (0x480):    RAUMSOLLTEMP_II:        20.0    (et_dec_val)
[19:49:08.762][I][processCanMessage():479]: KESSEL (0x180):     AUSSENTEMP:     0.7     (et_dec_val)
[19:49:08.768][I][processCanMessage():479]: KESSEL (0x180):     HILFSKESSELSOLL:        26.8    (et_dec_val)
[19:49:10.101][I][readSignal():517]: READ "SPEICHERSOLLTEMP" (0x0003) FROM MANAGER (0x480 {0x91, 0x00}): 91, 00, 03, 00, 00, 00, 00
[19:49:10.136][I][processCanMessage():479]: MANAGER (0x480):    SPEICHERSOLLTEMP:       48.0    (et_dec_val)
[19:49:11.118][I][readSignal():517]: READ "RAUMSOLLTEMP_I" (0x0005) FROM MANAGER (0x480 {0x91, 0x00}): 91, 00, 05, 00, 00, 00, 00
[19:49:11.155][I][processCanMessage():479]: MANAGER (0x480):    RAUMSOLLTEMP_I: 20.0    (et_dec_val)
[19:49:12.118][I][readSignal():517]: READ "RUECKLAUFISTTEMP" (0x0016) FROM MANAGER (0x480 {0x91, 0x00}): 91, 00, 16, 00, 00, 00, 00
[19:49:12.586][I][processCanMessage():479]: MANAGER (0x480):    RUECKLAUFISTTEMP:       30.4    (et_dec_val)
[19:49:13.168][I][readSignal():517]: READ "WPVORLAUFIST" (0x01d6) FROM KESSEL (0x180 {0x31, 0x00}): 31, 00, fa, 01, d6, 00, 00
[19:49:13.170][I][processCanMessage():479]: KESSEL (0x180):     WPVORLAUFIST:   32.6    (et_dec_val)
[19:49:14.087][I][processCanMessage():479]: KESSEL (0x180):     AUSSENTEMP:     0.6     (et_dec_val)
[19:49:14.106][I][processCanMessage():479]: KESSEL (0x180):     HILFSKESSELSOLL:        26.8    (et_dec_val)
[19:49:15.542][I][readSignal():517]: READ "EINSTELL_SPEICHERSOLLTEMP2" (0x0a06) FROM KESSEL (0x180 {0x31, 0x00}): 31, 00, fa, 0a, 06, 00, 00
[19:49:15.594][I][processCanMessage():479]: KESSEL (0x180):     EINSTELL_SPEICHERSOLLTEMP2:     48.0    (et_dec_val)
[19:49:17.735][I][processCanMessage():479]: MANAGER (0x480):    WPVORLAUFIST:   0.0     (et_dec_val)
[19:49:17.759][I][processCanMessage():479]: MANAGER (0x480):    RUECKLAUFISTTEMP:       0.0     (et_dec_val)
[19:49:17.761][I][processCanMessage():479]: HEIZMODUL (0x500):  RUECKLAUFISTTEMP:       29.7    (et_dec_val)
[19:49:17.765][I][processCanMessage():479]: MANAGER (0x480):    VERDICHTER:     0.0     (et_dec_val)
[19:49:17.769][I][processCanMessage():479]: HEIZMODUL (0x500):  WPVORLAUFIST:   31.8    (et_dec_val)
[19:49:17.785][I][processCanMessage():479]: MANAGER (0x480):    MINUTE: 51      (et_little_endian)
[19:49:17.789][I][CALC:721]: Published time: 19:51:00 (Stunde=19, Minute=51, Sekunde=0)
[19:49:17.896][I][processCanMessage():479]: HEIZMODUL (0x500):  VERDICHTER:     0.8     (et_dec_val)
[19:49:18.099][I][readSignal():517]: READ "SEKUNDE" (0x0127) FROM MANAGER (0x480 {0x91, 0x00}): 91, 00, fa, 01, 27, 00, 00
[19:49:18.125][I][processCanMessage():479]: MANAGER (0x480):    SEKUNDE:        0       (et_little_endian)
[19:49:18.706][I][processCanMessage():479]: KESSEL (0x180):     AUSSENTEMP:     0.5     (et_dec_val)
[19:49:18.729][I][processCanMessage():479]: KESSEL (0x180):     HILFSKESSELSOLL:        26.8    (et_dec_val)
[19:49:19.138][I][readSignal():517]: READ "SPEICHERISTTEMP" (0x000e) FROM KESSEL (0x180 {0x31, 0x00}): 31, 00, 0e, 00, 00, 00, 00
[19:49:19.166][I][processCanMessage():479]: KESSEL (0x180):     SPEICHERISTTEMP:        45.2    (et_dec_val)
[19:49:20.172][I][readSignal():517]: READ "SPEICHERSOLLTEMP" (0x0003) FROM KESSEL (0x180 {0x31, 0x00}): 31, 00, 03, 00, 00, 00, 00
[19:49:20.180][I][processCanMessage():479]: KESSEL (0x180):     SPEICHERSOLLTEMP:       48.0    (et_dec_val)
[19:49:21.546][I][readSignal():517]: READ "VORLAUFISTTEMP" (0x000f) FROM KESSEL (0x180 {0x31, 0x00}): 31, 00, 0f, 00, 00, 00, 00
[19:49:21.570][I][processCanMessage():479]: KESSEL (0x180):     VORLAUFISTTEMP: 28.1    (et_dec_val)
[19:49:22.155][I][readSignal():517]: READ "AUSSENTEMP" (0x000c) FROM KESSEL (0x180 {0x31, 0x00}): 31, 00, 0c, 00, 00, 00, 00
[19:49:22.178][I][processCanMessage():479]: KESSEL (0x180):     AUSSENTEMP:     0.7     (et_dec_val)
[19:49:24.028][I][processCanMessage():479]: KESSEL (0x180):     AUSSENTEMP:     0.7     (et_dec_val)
[19:49:24.028][I][processCanMessage():479]: KESSEL (0x180):     HILFSKESSELSOLL:        26.8    (et_dec_val)
[19:49:25.153][I][readSignal():517]: READ "KESSELSOLLTEMP" (0x0002) FROM MANAGER (0x480 {0x91, 0x00}): 91, 00, 02, 00, 00, 00, 00
[19:49:25.182][I][processCanMessage():479]: MANAGER (0x480):    KESSELSOLLTEMP: 27.9    (et_dec_val)
[19:49:26.161][I][readSignal():517]: READ "AUSSENTEMP" (0x000c) FROM HEIZMODUL (0x500 {0xa1, 0x00}): a1, 00, 0c, 00, 00, 00, 00
[19:49:26.622][I][processCanMessage():479]: HEIZMODUL (0x500):  AUSSENTEMP:     0.2     (et_dec_val)
[19:49:27.176][I][readSignal():517]: READ "KESSELSOLLTEMP" (0x0002) FROM KESSEL (0x180 {0x31, 0x00}): 31, 00, 02, 00, 00, 00, 00
[19:49:27.214][I][processCanMessage():479]: KESSEL (0x180):     KESSELSOLLTEMP: 27.9    (et_dec_val)
[19:49:28.122][I][processCanMessage():479]: MANAGER (0x480):    WPVORLAUFIST:   0.0     (et_dec_val)
[19:49:28.126][I][processCanMessage():479]: HEIZMODUL (0x500):  WPVORLAUFIST:   31.3    (et_dec_val)
[19:49:28.139][I][processCanMessage():479]: MANAGER (0x480):    RUECKLAUFISTTEMP:       0.0     (et_dec_val)
[19:49:28.139][I][processCanMessage():479]: HEIZMODUL (0x500):  RUECKLAUFISTTEMP:       29.7    (et_dec_val)
[19:49:28.142][I][processCanMessage():479]: MANAGER (0x480):    VERDICHTER:     0.0     (et_dec_val)
[19:49:28.158][I][processCanMessage():479]: HEIZMODUL (0x500):  VERDICHTER:     0.8     (et_dec_val)
[19:49:28.176][I][readSignal():517]: READ "RAUMSOLLTEMP_III" (0x0007) FROM MANAGER (0x480 {0x91, 0x00}): 91, 00, 07, 00, 00, 00, 00
[19:49:28.206][I][processCanMessage():479]: MANAGER (0x480):    RAUMSOLLTEMP_III:       20.0    (et_dec_val)
[19:49:28.707][I][processCanMessage():479]: KESSEL (0x180):     AUSSENTEMP:     0.5     (et_dec_val)
[19:49:28.719][I][processCanMessage():479]: KESSEL (0x180):     HILFSKESSELSOLL:        26.8    (et_dec_val)
[19:49:29.622][I][readSignal():517]: READ "SAMMLERISTTEMP" (0x000d) FROM KESSEL (0x180 {0x31, 0x00}): 31, 00, 0d, 00, 00, 00, 00
[19:49:29.654][I][processCanMessage():479]: KESSEL (0x180):     SAMMLERISTTEMP: -40.0   (et_dec_val)
[19:49:30.190][I][readSignal():517]: READ "EINSTELL_SPEICHERSOLLTEMP" (0x0013) FROM KESSEL (0x180 {0x31, 0x00}): 31, 00, 13, 00, 00, 00, 00
[19:49:30.230][I][processCanMessage():479]: KESSEL (0x180):     EINSTELL_SPEICHERSOLLTEMP:      48.0    (et_dec_val)
[19:49:30.551][I][readSignal():517]: READ "SOMMERBETRIEB" (0xfdb4) FROM MANAGER (0x480 {0x91, 0x00}): 91, 00, fa, fd, b4, 00, 00
[19:49:30.556][I][processCanMessage():479]: MANAGER (0x480):    SOMMERBETRIEB:  on      (et_little_bool)
[19:49:30.624][I][readSignal():517]: READ "PROGRAMMSCHALTER" (0x0112) FROM MANAGER (0x480 {0x91, 0x00}): 91, 00, fa, 01, 12, 00, 00
[19:49:31.154][I][processCanMessage():479]: MANAGER (0x480):    PROGRAMMSCHALTER:       Tagbetrieb      (et_betriebsart)
INFO Processing unexpected disconnect from ESPHome API for heatingpump @ 192.168.30.124
WARNING Disconnected from API
INFO Successfully resolved heatingpump @ 192.168.30.124 in 0.001s
INFO Successfully connected to heatingpump @ 192.168.30.124 in 0.012s
INFO Successful handshake with heatingpump @ 192.168.30.124 in 0.035s
[19:50:07.017][I][REQUEST_MGR:1696]: Signal request manager active - processing 45 signal definitions
[19:50:07.034][I][REQUEST_MGR:1700]: Initializing signal schedules with random offsets to prevent burst
[19:50:07.198][I][REQUEST_MGR:1730]: Initialized 45 signal schedules
[19:50:07.351][W][component:490]: interval took a long time for an operation (332 ms)
[19:50:07.365][W][component:493]: Components should block for at most 30 ms
[19:50:07.368][W][component:490]: mqtt took a long time for an operation (339 ms)
[19:50:07.375][W][component:493]: Components should block for at most 30 ms
[19:50:07.683][I][processCanMessage():479]: MANAGER (0x480):    WPVORLAUFIST:   0.0     (et_dec_val)
[19:50:07.729][I][processCanMessage():479]: HEIZMODUL (0x500):  WPVORLAUFIST:   30.7    (et_dec_val)
[19:50:07.738][I][processCanMessage():479]: MANAGER (0x480):    VERDICHTER:     0.0     (et_dec_val)
[19:50:07.748][I][processCanMessage():479]: MANAGER (0x480):    RUECKLAUFISTTEMP:       0.0     (et_dec_val)
[19:50:07.751][I][processCanMessage():479]: HEIZMODUL (0x500):  RUECKLAUFISTTEMP:       29.6    (et_dec_val)
[19:50:07.789][I][processCanMessage():479]: HEIZMODUL (0x500):  VERDICHTER:     0.8     (et_dec_val)
[19:50:07.900][I][CALC_SCHED:1624]: Initializing calculated sensor schedules with random offsets
[19:50:07.909][I][CALC_SCHED:1643]: Calculated sensor scheduler initialized
[19:50:08.707][I][processCanMessage():479]: KESSEL (0x180):     AUSSENTEMP:     0.6     (et_dec_val)
[19:50:08.732][I][processCanMessage():479]: KESSEL (0x180):     HILFSKESSELSOLL:        26.8    (et_dec_val)
[19:50:10.064][I][readSignal():517]: READ "KESSELSOLLTEMP" (0x0002) FROM KESSEL (0x180 {0x31, 0x00}): 31, 00, 02, 00, 00, 00, 00
[19:50:10.101][I][processCanMessage():479]: KESSEL (0x180):     KESSELSOLLTEMP: 27.8    (et_dec_val)
[19:50:10.109][D][PATTERN:986]: Signal 'KESSELSOLLTEMP' (expanded: 'KESSEL SOLL TEMP') matched pattern 'TEMP'
[19:50:12.073][I][readSignal():517]: READ "RAUMSOLLTEMP_NACHT" (0x0008) FROM MANAGER (0x480 {0x91, 0x00}): 91, 00, 08, 00, 00, 00, 00
[19:50:12.099][I][processCanMessage():479]: MANAGER (0x480):    RAUMSOLLTEMP_NACHT:     20.0    (et_dec_val)
[19:50:12.107][D][PATTERN:986]: Signal 'RAUMSOLLTEMP_NACHT' (expanded: 'RAUM SOLL TEMP NACHT') matched pattern 'TEMP'
[19:50:13.073][I][readSignal():517]: READ "RAUMSOLLTEMP_I" (0x0005) FROM MANAGER (0x480 {0x91, 0x00}): 91, 00, 05, 00, 00, 00, 00
[19:50:13.104][I][processCanMessage():479]: MANAGER (0x480):    RAUMSOLLTEMP_I: 20.0    (et_dec_val)
[19:50:13.122][D][PATTERN:986]: Signal 'RAUMSOLLTEMP_I' (expanded: 'RAUM SOLL TEMP I') matched pattern 'TEMP'
[19:50:13.713][I][processCanMessage():479]: KESSEL (0x180):     AUSSENTEMP:     0.9     (et_dec_val)
[19:50:13.725][I][processCanMessage():479]: KESSEL (0x180):     HILFSKESSELSOLL:        26.7    (et_dec_val)
[19:50:14.079][I][readSignal():517]: READ "EINSTELL_SPEICHERSOLLTEMP" (0x0013) FROM KESSEL (0x180 {0x31, 0x00}): 31, 00, 13, 00, 00, 00, 00
[19:50:14.106][I][processCanMessage():479]: KESSEL (0x180):     EINSTELL_SPEICHERSOLLTEMP:      48.0    (et_dec_val)
[19:50:14.127][D][PATTERN:986]: Signal 'EINSTELL_SPEICHERSOLLTEMP' (expanded: 'EINSTELL SPEICHER SOLL TEMP') matched pattern 'TEMP'
[19:50:15.069][I][readSignal():517]: READ "ABTAUUNGAKTIV" (0x0061) FROM HEIZMODUL (0x500 {0xa1, 0x00}): a1, 00, 61, 00, 00, 00, 00
[19:50:15.118][I][processCanMessage():479]: HEIZMODUL (0x500):  ABTAUUNGAKTIV:  off     (et_little_bool)
[19:50:15.148][D][PATTERN:986]: Signal 'ABTAUUNGAKTIV' (expanded: 'ABTAUUNGAKTIV') matched pattern 'AKTIV'
[19:50:16.061][I][readSignal():517]: READ "EVU_SPERRE_AKTIV" (0x0074) FROM MANAGER (0x480 {0x91, 0x00}): 91, 00, 74, 00, 00, 00, 00
[19:50:16.094][I][processCanMessage():479]: MANAGER (0x480):    EVU_SPERRE_AKTIV:       ?       (et_little_bool)
[19:50:16.123][D][PATTERN:986]: Signal 'EVU_SPERRE_AKTIV' (expanded: 'EVU SPERRE AKTIV') matched pattern 'EVU SPERRE AKTIV'
[19:50:17.089][I][readSignal():517]: READ "AUSSENTEMP" (0x000c) FROM KESSEL (0x180 {0x31, 0x00}): 31, 00, 0c, 00, 00, 00, 00
[19:50:17.111][I][processCanMessage():479]: KESSEL (0x180):     AUSSENTEMP:     0.7     (et_dec_val)
[19:50:17.735][I][processCanMessage():479]: MANAGER (0x480):    WPVORLAUFIST:   0.0     (et_dec_val)
[19:50:17.756][I][processCanMessage():479]: MANAGER (0x480):    RUECKLAUFISTTEMP:       0.0     (et_dec_val)
[19:50:17.762][I][processCanMessage():479]: HEIZMODUL (0x500):  WPVORLAUFIST:   30.7    (et_dec_val)
[19:50:17.816][I][processCanMessage():479]: MANAGER (0x480):    VERDICHTER:     0.0     (et_dec_val)
[19:50:18.287][I][processCanMessage():479]: MANAGER (0x480):    MINUTE: 52      (et_little_endian)
[19:50:18.290][D][PATTERN:986]: Signal 'MINUTE' (expanded: 'MINUTE') matched pattern 'MINUTE'
[19:50:18.314][W][CALC:693]: Cannot publish time: sensors not initialized (Stunde=-1, Minute=52, Sekunde=-1)
[19:50:18.318][I][processCanMessage():479]: HEIZMODUL (0x500):  RUECKLAUFISTTEMP:       29.6    (et_dec_val)
[19:50:18.326][I][processCanMessage():479]: HEIZMODUL (0x500):  VERDICHTER:     0.8     (et_dec_val)
[19:50:18.494][I][readSignal():517]: READ "VORLAUFISTTEMP" (0x000f) FROM KESSEL (0x180 {0x31, 0x00}): 31, 00, 0f, 00, 00, 00, 00
[19:50:18.518][I][processCanMessage():479]: KESSEL (0x180):     VORLAUFISTTEMP: 28.1    (et_dec_val)
[19:50:18.522][D][PATTERN:986]: Signal 'VORLAUFISTTEMP' (expanded: 'VORLAUF IST TEMP') matched pattern 'TEMP'
[19:50:18.706][I][processCanMessage():479]: KESSEL (0x180):     AUSSENTEMP:     0.6     (et_dec_val)
[19:50:18.736][I][processCanMessage():479]: KESSEL (0x180):     HILFSKESSELSOLL:        26.8    (et_dec_val)
[19:50:19.092][I][readSignal():517]: READ "EINSTELL_SPEICHERSOLLTEMP" (0x0013) FROM MANAGER (0x480 {0x91, 0x00}): 91, 00, 13, 00, 00, 00, 00
[19:50:19.117][I][processCanMessage():479]: MANAGER (0x480):    EINSTELL_SPEICHERSOLLTEMP:      48.0    (et_dec_val)
[19:50:20.116][I][readSignal():517]: READ "EINSTELL_SPEICHERSOLLTEMP2" (0x0a06) FROM MANAGER (0x480 {0x91, 0x00}): 91, 00, fa, 0a, 06, 00, 00
[19:50:20.143][I][processCanMessage():479]: MANAGER (0x480):    EINSTELL_SPEICHERSOLLTEMP2:     48.0    (et_dec_val)
[19:50:20.163][D][PATTERN:986]: Signal 'EINSTELL_SPEICHERSOLLTEMP2' (expanded: 'EINSTELL SPEICHER SOLL TEMP 2') matched pattern 'TEMP'
[19:50:21.090][I][readSignal():517]: READ "SPEICHERSOLLTEMP" (0x0003) FROM KESSEL (0x180 {0x31, 0x00}): 31, 00, 03, 00, 00, 00, 00
[19:50:21.558][I][processCanMessage():479]: KESSEL (0x180):     SPEICHERSOLLTEMP:       48.0    (et_dec_val)
[19:50:21.562][D][PATTERN:986]: Signal 'SPEICHERSOLLTEMP' (expanded: 'SPEICHER SOLL TEMP') matched pattern 'TEMP'
[19:50:22.199][I][readSignal():517]: READ "WAERMEERTRAG_2WE_HEIZ_TAG_KWH" (0x0927) FROM HEIZMODUL (0x500 {0xa1, 0x00}): a1, 00, fa, 09, 27, 00, 00
[19:50:22.267][I][processCanMessage():479]: HEIZMODUL (0x500):  WAERMEERTRAG_2WE_HEIZ_TAG_KWH:  709.000 (et_double_val)
[19:50:22.286][D][PATTERN:986]: Signal 'WAERMEERTRAG_2WE_HEIZ_TAG_KWH' (expanded: 'WAERME ERTRAG 2WE HEIZ TAG KWH') matched pattern 'KWH'
[19:50:23.107][I][readSignal():517]: READ "KESSELSOLLTEMP" (0x0002) FROM MANAGER (0x480 {0x91, 0x00}): 91, 00, 02, 00, 00, 00, 00
[19:50:23.622][I][processCanMessage():479]: MANAGER (0x480):    KESSELSOLLTEMP: 27.9    (et_dec_val)
[19:50:23.722][I][processCanMessage():479]: KESSEL (0x180):     AUSSENTEMP:     0.6     (et_dec_val)
[19:50:23.739][I][processCanMessage():479]: KESSEL (0x180):     HILFSKESSELSOLL:        26.8    (et_dec_val)
[19:50:24.106][I][readSignal():517]: READ "SPEICHERISTTEMP" (0x000e) FROM KESSEL (0x180 {0x31, 0x00}): 31, 00, 0e, 00, 00, 00, 00
[19:50:25.584][I][processCanMessage():479]: KESSEL (0x180):     SPEICHERISTTEMP:        45.3    (et_dec_val)
[19:50:25.585][D][PATTERN:986]: Signal 'SPEICHERISTTEMP' (expanded: 'SPEICHER IST TEMP') matched pattern 'TEMP'
[19:50:25.585][I][readSignal():517]: READ "SAMMLERISTTEMP" (0x000d) FROM KESSEL (0x180 {0x31, 0x00}): 31, 00, 0d, 00, 00, 00, 00
[19:50:25.585][I][processCanMessage():479]: KESSEL (0x180):     SAMMLERISTTEMP: -40.0   (et_dec_val)
[19:50:25.585][D][PATTERN:986]: Signal 'SAMMLERISTTEMP' (expanded: 'SAMMLER IST TEMP') matched pattern 'TEMP'
[19:50:26.506][I][readSignal():517]: READ "WPVORLAUFIST" (0x01d6) FROM KESSEL (0x180 {0x31, 0x00}): 31, 00, fa, 01, d6, 00, 00
[19:50:26.546][I][processCanMessage():479]: KESSEL (0x180):     WPVORLAUFIST:   30.9    (et_dec_val)
[19:50:27.147][I][readSignal():517]: READ "VERDICHTER" (0x07a8) FROM HEIZMODUL (0x500 {0xa1, 0x00}): a1, 00, fa, 07, a8, 00, 00
[19:50:27.187][I][processCanMessage():479]: HEIZMODUL (0x500):  VERDICHTER:     0.8     (et_dec_val)
[19:50:27.714][I][processCanMessage():479]: MANAGER (0x480):    WPVORLAUFIST:   0.0     (et_dec_val)
[19:50:27.759][D][mcp2515:341]: receive buffer overrun
[19:50:27.764][I][processCanMessage():479]: MANAGER (0x480):    RUECKLAUFISTTEMP:       0.0     (et_dec_val)
[19:50:27.767][I][processCanMessage():479]: MANAGER (0x480):    VERDICHTER:     0.0     (et_dec_val)
[19:50:27.770][I][processCanMessage():479]: HEIZMODUL (0x500):  WPVORLAUFIST:   30.6    (et_dec_val)
[19:50:27.781][I][processCanMessage():479]: HEIZMODUL (0x500):  RUECKLAUFISTTEMP:       29.6    (et_dec_val)
[19:50:27.783][I][processCanMessage():479]: HEIZMODUL (0x500):  VERDICHTER:     0.8     (et_dec_val)
[19:50:29.178][W][component:490]: canbus took a long time for an operation (894 ms)
[19:50:29.182][W][component:493]: Components should block for at most 30 ms
[19:50:29.234][D][mcp2515:341]: receive buffer overrun
[19:50:29.238][I][processCanMessage():479]: KESSEL (0x180):     HILFSKESSELSOLL:        26.8    (et_dec_val)
[19:50:29.250][I][processCanMessage():479]: KESSEL (0x180):     AUSSENTEMP:     0.4     (et_dec_val)
[19:50:29.702][I][readSignal():517]: READ "WP_STATUS" (0xfdae) FROM MANAGER (0x480 {0x91, 0x00}): 91, 00, fa, fd, ae, 00, 00
[19:50:29.760][I][processCanMessage():479]: MANAGER (0x480):    WP_STATUS:      -255    (et_little_endian)
[19:50:29.762][D][PATTERN:986]: Signal 'WP_STATUS' (expanded: 'WP STATUS') matched pattern 'STATUS'
[19:50:31.741][I][readSignal():517]: READ "RAUMSOLLTEMP_II" (0x0006) FROM MANAGER (0x480 {0x91, 0x00}): 91, 00, 06, 00, 00, 00, 00
[19:50:31.767][I][processCanMessage():479]: MANAGER (0x480):    RAUMSOLLTEMP_II:        20.0    (et_dec_val)
[19:50:31.773][D][PATTERN:986]: Signal 'RAUMSOLLTEMP_II' (expanded: 'RAUM SOLL TEMP II') matched pattern 'TEMP'
[19:50:33.688][I][processCanMessage():479]: KESSEL (0x180):     AUSSENTEMP:     0.6     (et_dec_val)
[19:50:33.703][I][processCanMessage():479]: KESSEL (0x180):     HILFSKESSELSOLL:        26.8    (et_dec_val)
[19:50:33.754][I][readSignal():517]: READ "AUSSENTEMP" (0x000c) FROM HEIZMODUL (0x500 {0xa1, 0x00}): a1, 00, 0c, 00, 00, 00, 00
[19:50:33.782][I][processCanMessage():479]: HEIZMODUL (0x500):  AUSSENTEMP:     0.5     (et_dec_val)
[19:50:34.749][I][readSignal():517]: READ "RAUMSOLLTEMP_III" (0x0007) FROM MANAGER (0x480 {0x91, 0x00}): 91, 00, 07, 00, 00, 00, 00
[19:50:34.778][I][processCanMessage():479]: MANAGER (0x480):    RAUMSOLLTEMP_III:       20.0    (et_dec_val)
[19:50:34.791][D][PATTERN:986]: Signal 'RAUMSOLLTEMP_III' (expanded: 'RAUM SOLL TEMP III') matched pattern 'TEMP'
[19:50:35.750][I][readSignal():517]: READ "RUECKLAUFISTTEMP" (0x0016) FROM MANAGER (0x480 {0x91, 0x00}): 91, 00, 16, 00, 00, 00, 00
[19:50:35.784][I][processCanMessage():479]: MANAGER (0x480):    RUECKLAUFISTTEMP:       30.4    (et_dec_val)
[19:50:36.397][I][safe_mode:042]: Boot seems successful; resetting boot loop counter
[19:50:36.426][D][esp32.preferences:149]: Writing 1 items: 0 cached, 1 written, 0 failed
[19:50:36.756][I][readSignal():517]: READ "SPEICHERSOLLTEMP" (0x0003) FROM MANAGER (0x480 {0x91, 0x00}): 91, 00, 03, 00, 00, 00, 00
[19:50:36.806][I][processCanMessage():479]: MANAGER (0x480):    SPEICHERSOLLTEMP:       48.0    (et_dec_val)
[19:50:36.995][I][readSignal():517]: READ "WW_ECO" (0x027e) FROM MANAGER (0x480 {0x91, 0x00}): 91, 00, fa, 02, 7e, 00, 00
[19:50:37.026][I][processCanMessage():479]: MANAGER (0x480):    WW_ECO: on      (et_bool)
[19:50:37.678][I][processCanMessage():479]: MANAGER (0x480):    WPVORLAUFIST:   0.0     (et_dec_val)
[19:50:37.689][I][processCanMessage():479]: HEIZMODUL (0x500):  WPVORLAUFIST:   30.6    (et_dec_val)
[19:50:37.699][I][processCanMessage():479]: MANAGER (0x480):    RUECKLAUFISTTEMP:       0.0     (et_dec_val)
[19:50:37.712][I][processCanMessage():479]: MANAGER (0x480):    VERDICHTER:     0.0     (et_dec_val)
[19:50:37.766][I][readSignal():517]: READ "RUECKLAUFISTTEMP" (0x0016) FROM KESSEL (0x180 {0x31, 0x00}): 31, 00, 16, 00, 00, 00, 00
[19:50:37.770][W][CALC:651]: Cannot publish date: sensors not initialized (Jahr=-1, Monat=-1, Tag=-1)
[19:50:37.770][W][CALC:693]: Cannot publish time: sensors not initialized (Stunde=-1, Minute=52, Sekunde=-1)
[19:50:37.774][I][processCanMessage():479]: HEIZMODUL (0x500):  RUECKLAUFISTTEMP:       29.5    (et_dec_val)
[19:50:37.792][I][processCanMessage():479]: HEIZMODUL (0x500):  VERDICHTER:     0.8     (et_dec_val)
[19:50:37.801][I][processCanMessage():479]: KESSEL (0x180):     RUECKLAUFISTTEMP:       30.4    (et_dec_val)
[19:50:38.700][I][processCanMessage():479]: KESSEL (0x180):     AUSSENTEMP:     0.7     (et_dec_val)
[19:50:38.725][I][processCanMessage():479]: KESSEL (0x180):     HILFSKESSELSOLL:        26.7    (et_dec_val)
[19:50:38.790][I][readSignal():517]: READ "EINSTELL_SPEICHERSOLLTEMP2" (0x0a06) FROM KESSEL (0x180 {0x31, 0x00}): 31, 00, fa, 0a, 06, 00, 00
[19:50:38.816][I][processCanMessage():479]: KESSEL (0x180):     EINSTELL_SPEICHERSOLLTEMP2:     48.0    (et_dec_val)
[19:50:39.889][I][readSignal():517]: READ "PROGRAMMSCHALTER" (0x0112) FROM MANAGER (0x480 {0x91, 0x00}): 91, 00, fa, 01, 12, 00, 00
[19:50:39.917][I][processCanMessage():479]: MANAGER (0x480):    PROGRAMMSCHALTER:       Tagbetrieb      (et_betriebsart)
[19:50:40.364][I][readSignal():517]: READ "SOMMERBETRIEB" (0xfdb4) FROM MANAGER (0x480 {0x91, 0x00}): 91, 00, fa, fd, b4, 00, 00
[19:50:40.390][I][processCanMessage():479]: MANAGER (0x480):    SOMMERBETRIEB:  on      (et_little_bool)
[19:50:41.770][I][readSignal():517]: READ "KESSELSOLLTEMP" (0x0002) FROM KESSEL (0x180 {0x31, 0x00}): 31, 00, 02, 00, 00, 00, 00
[19:50:41.798][I][processCanMessage():479]: KESSEL (0x180):     KESSELSOLLTEMP: 27.8    (et_dec_val)
[19:50:42.736][I][readSignal():517]: READ "MINUTE" (0x0126) FROM MANAGER (0x480 {0x91, 0x00}): 91, 00, fa, 01, 26, 00, 00
[19:50:42.774][I][processCanMessage():479]: MANAGER (0x480):    MINUTE: 52      (et_little_endian)
[19:50:42.780][W][CALC:693]: Cannot publish time: sensors not initialized (Stunde=-1, Minute=52, Sekunde=-1)
[19:50:43.691][I][processCanMessage():479]: KESSEL (0x180):     AUSSENTEMP:     0.7     (et_dec_val)
[19:50:43.704][I][processCanMessage():479]: KESSEL (0x180):     HILFSKESSELSOLL:        26.8    (et_dec_val)
[19:50:43.741][I][readSignal():517]: READ "STUNDE" (0x0125) FROM MANAGER (0x480 {0x91, 0x00}): 91, 00, fa, 01, 25, 00, 00
[19:50:43.769][I][processCanMessage():479]: MANAGER (0x480):    STUNDE: 19      (et_little_endian)
[19:50:43.776][D][PATTERN:986]: Signal 'STUNDE' (expanded: 'STUNDE') matched pattern 'STUNDE'
[19:50:44.779][I][readSignal():517]: READ "RAUMSOLLTEMP_I" (0x0005) FROM MANAGER (0x480 {0x91, 0x00}): 91, 00, 05, 00, 00, 00, 00
[19:50:44.825][I][processCanMessage():479]: MANAGER (0x480):    RAUMSOLLTEMP_I: 20.0    (et_dec_val)
[19:50:45.781][I][readSignal():517]: READ "RAUMSOLLTEMP_NACHT" (0x0008) FROM MANAGER (0x480 {0x91, 0x00}): 91, 00, 08, 00, 00, 00, 00
[19:50:45.814][I][processCanMessage():479]: MANAGER (0x480):    RAUMSOLLTEMP_NACHT:     20.0    (et_dec_val)
[19:50:46.789][I][readSignal():517]: READ "EINSTELL_SPEICHERSOLLTEMP" (0x0013) FROM KESSEL (0x180 {0x31, 0x00}): 31, 00, 13, 00, 00, 00, 00
[19:50:46.839][I][processCanMessage():479]: KESSEL (0x180):     EINSTELL_SPEICHERSOLLTEMP:      48.0    (et_dec_val)
[19:50:47.689][I][processCanMessage():479]: MANAGER (0x480):    WPVORLAUFIST:   0.0     (et_dec_val)
[19:50:47.697][I][processCanMessage():479]: MANAGER (0x480):    RUECKLAUFISTTEMP:       0.0     (et_dec_val)
[19:50:47.708][I][processCanMessage():479]: HEIZMODUL (0x500):  WPVORLAUFIST:   30.6    (et_dec_val)
[19:50:47.714][I][processCanMessage():479]: MANAGER (0x480):    VERDICHTER:     0.0     (et_dec_val)
[19:50:47.745][I][processCanMessage():479]: HEIZMODUL (0x500):  RUECKLAUFISTTEMP:       29.5    (et_dec_val)
[19:50:47.760][I][readSignal():517]: READ "SEKUNDE" (0x0127) FROM MANAGER (0x480 {0x91, 0x00}): 91, 00, fa, 01, 27, 00, 00
[19:50:47.797][I][processCanMessage():479]: MANAGER (0x480):    SEKUNDE:        30      (et_little_endian)
[19:50:47.804][D][PATTERN:986]: Signal 'SEKUNDE' (expanded: 'SEKUNDE') matched pattern 'SEKUNDE'
[19:50:47.815][I][processCanMessage():479]: HEIZMODUL (0x500):  VERDICHTER:     0.8     (et_dec_val)
[19:50:48.709][I][processCanMessage():479]: KESSEL (0x180):     AUSSENTEMP:     0.8     (et_dec_val)
[19:50:48.717][I][processCanMessage():479]: KESSEL (0x180):     HILFSKESSELSOLL:        26.7    (et_dec_val)
[19:50:48.796][I][readSignal():517]: READ "AUSSENTEMP" (0x000c) FROM KESSEL (0x180 {0x31, 0x00}): 31, 00, 0c, 00, 00, 00, 00
[19:50:48.846][I][processCanMessage():479]: KESSEL (0x180):     AUSSENTEMP:     0.8     (et_dec_val)
[19:50:49.796][I][readSignal():517]: READ "VORLAUFISTTEMP" (0x000f) FROM KESSEL (0x180 {0x31, 0x00}): 31, 00, 0f, 00, 00, 00, 00
[19:50:49.845][I][processCanMessage():479]: KESSEL (0x180):     VORLAUFISTTEMP: 28.1    (et_dec_val)
